<?xml version="1.0" encoding="UTF-8"?>
<testsuites name="Amazon_TestSuite_Login_001" time="20.861" tests="1" failures="0" errors="0">
   <testsuite name="Amazon_TestSuite_Login_001" tests="1" failures="0" errors="0" time="20.861" skipped="0" timestamp="05-02-2024T15:09:05" hostname="RS - DESKTOP-3NI4M05" id="Test Suites/Amazon_ALL_TestSuites/Amazon_TestSuite/Amazon_TestSuite_Login_001">
      <properties>
         <property name="deviceName" value=""/>
         <property name="devicePlatform" value=""/>
         <property name="logFolder" value="C:\\Users\\RS\\Katalon Studio\\My First Web UI Project\\AMAZON SOFTWARE TEST AUTOMATION\\Reports\\20240205_150859\\Amazon_ALL_TestSuites\\Amazon_TestSuite\\Amazon_TestSuite_Login_001\\20240205_150859"/>
         <property name="logFiles" value="C:\\Users\\RS\\Katalon Studio\\My First Web UI Project\\AMAZON SOFTWARE TEST AUTOMATION\\Reports\\20240205_150859\\Amazon_ALL_TestSuites\\Amazon_TestSuite\\Amazon_TestSuite_Login_001\\20240205_150859\\execution0.log"/>
         <property name="attachments" value=""/>
         <property name="hostName" value="RS - DESKTOP-3NI4M05"/>
         <property name="os" value="Windows 10 64bit"/>
         <property name="katalonVersion" value="9.3.0.212"/>
         <property name="browser" value="Chrome 121.0.0.0"/>
         <property name="hostAddress" value="192.168.5.7"/>
         <property name="sessionId" value="34633e0785b57c2382de9f75dc6ba61b"/>
         <property name="seleniumVersion" value="3.141.59"/>
         <property name="proxyInformation" value="ProxyInformation { proxyOption=NO_PROXY, proxyServerType=HTTP, username=, password=********, proxyServerAddress=, proxyServerPort=0, executionList=&quot;&quot;, isApplyToDesiredCapabilities=true }"/>
         <property name="platform" value="Windows 10"/>
      </properties>
      <testcase name="Test Cases/TC_Amazon_Validation/All Test Cases Validation/TC_Amazon_Login_001" time="20.669" classname="Test Cases/TC_Amazon_Validation/All Test Cases Validation/TC_Amazon_Login_001" status="PASSED">
         <system-out><![CDATA[05-02-2024T15:09:05 - [TEST_CASE][PASSED] - Test Cases/TC_Amazon_Validation/All Test Cases Validation/TC_Amazon_Login_001: Test Cases/TC_Amazon_Validation/All Test Cases Validation/TC_Amazon_Login_001

05-02-2024T15:09:05 - [TEST_STEP][PASSED] - openBrowser(""): Browser is opened with url: ''

05-02-2024T15:09:06 - [MESSAGE][INFO] - Starting 'Chrome' driver

05-02-2024T15:09:06 - [MESSAGE][INFO] - Action delay is set to 0 milliseconds

05-02-2024T15:09:08 - [MESSAGE][PASSED] - Browser is opened with url: ''

05-02-2024T15:09:08 - [TEST_STEP][PASSED] - navigateToUrl("https://www.amazon.com"): Navigate to 'https://www.amazon.com' successfully

05-02-2024T15:09:09 - [MESSAGE][PASSED] - Navigate to 'https://www.amazon.com' successfully

05-02-2024T15:09:09 - [TEST_STEP][PASSED] - click(findTestObject("AmazonPages/Amazon_Login_OR/Page_Amazon Sign-In/Page_Amazon.com. Spend less. Smile more/span_Account  Lists")): Object: 'Object Repository/AmazonPages/Amazon_Login_OR/Page_Amazon Sign-In/Page_Amazon.com. Spend less. Smile more/span_Account  Lists' is clicked on

05-02-2024T15:09:21 - [MESSAGE][PASSED] - Object: 'Object Repository/AmazonPages/Amazon_Login_OR/Page_Amazon Sign-In/Page_Amazon.com. Spend less. Smile more/span_Account  Lists' is clicked on

05-02-2024T15:09:21 - [TEST_STEP][PASSED] - setText(findTestObject("AmazonPages/Amazon_Login_OR/Page_Amazon Sign-In/input_Email or mobile phone number_email"), "sagarkumarmolli@gmail.com"): Text 'sagarkumarmolli@gmail.com' is set on object 'Object Repository/AmazonPages/Amazon_Login_OR/Page_Amazon Sign-In/input_Email or mobile phone number_email'

05-02-2024T15:09:22 - [MESSAGE][PASSED] - Text 'sagarkumarmolli@gmail.com' is set on object 'Object Repository/AmazonPages/Amazon_Login_OR/Page_Amazon Sign-In/input_Email or mobile phone number_email'

05-02-2024T15:09:22 - [TEST_STEP][PASSED] - click(findTestObject("AmazonPages/Amazon_Login_OR/Page_Amazon Sign-In/input_Enter your email or mobile phone number_continue")): Object: 'Object Repository/AmazonPages/Amazon_Login_OR/Page_Amazon Sign-In/input_Enter your email or mobile phone number_continue' is clicked on

05-02-2024T15:09:24 - [MESSAGE][PASSED] - Object: 'Object Repository/AmazonPages/Amazon_Login_OR/Page_Amazon Sign-In/input_Enter your email or mobile phone number_continue' is clicked on

05-02-2024T15:09:24 - [TEST_STEP][PASSED] - setEncryptedText(findTestObject("AmazonPages/Amazon_Login_OR/Page_Amazon Sign-In/input_Forgot your password_password"), "UzqFrP2yZheNfSdwKeJwgA=="): Text ****** has been set on object 'Object Repository/AmazonPages/Amazon_Login_OR/Page_Amazon Sign-In/input_Forgot your password_password'

05-02-2024T15:09:25 - [MESSAGE][PASSED] - Text ****** has been set on object 'Object Repository/AmazonPages/Amazon_Login_OR/Page_Amazon Sign-In/input_Forgot your password_password'

05-02-2024T15:09:25 - [TEST_STEP][PASSED] - click(findTestObject("AmazonPages/Amazon_Login_OR/Page_Amazon Sign-In/input_Enter your password_signInSubmit")): Object: 'Object Repository/AmazonPages/Amazon_Login_OR/Page_Amazon Sign-In/input_Enter your password_signInSubmit' is clicked on

05-02-2024T15:09:26 - [MESSAGE][PASSED] - Object: 'Object Repository/AmazonPages/Amazon_Login_OR/Page_Amazon Sign-In/input_Enter your password_signInSubmit' is clicked on

05-02-2024T15:09:26 - [TEST_STEP][PASSED] - closeBrowser(): Browser is closed

05-02-2024T15:09:26 - [MESSAGE][PASSED] - Browser is closed]]></system-out>
         <system-err><![CDATA[]]></system-err>
      </testcase>
      <system-out><![CDATA[05-02-2024T15:09:05 - [TEST_SUITE][PASSED] - Amazon_TestSuite_Login_001: Test Cases/TC_Amazon_Validation/All Test Cases Validation/TC_Amazon_Login_001]]></system-out>
      <system-err><![CDATA[]]></system-err>
   </testsuite>
</testsuites>
