<?xml version="1.0" encoding="UTF-8"?>
<testsuites name="Amazon_DDT_TestSuite_InternalData_001" time="22.178" tests="1" failures="0" errors="0">
   <testsuite name="Amazon_DDT_TestSuite_InternalData_001" tests="1" failures="0" errors="0" time="22.178" skipped="0" timestamp="03-02-2024T21:21:53" hostname="RS - DESKTOP-3NI4M05" id="Test Suites/DDT_Amazon_TestSuiteValidation/Amazon_DDT_TestSuite_InternalData_001">
      <properties>
         <property name="deviceName" value=""/>
         <property name="devicePlatform" value=""/>
         <property name="logFolder" value="C:\\Users\\RS\\Katalon Studio\\My First Web UI Project\\AMAZON SOFTWARE TEST AUTOMATION\\Reports\\20240203_212146\\DDT_Amazon_TestSuiteValidation\\Amazon_DDT_TestSuite_InternalData_001\\20240203_212146"/>
         <property name="logFiles" value="C:\\Users\\RS\\Katalon Studio\\My First Web UI Project\\AMAZON SOFTWARE TEST AUTOMATION\\Reports\\20240203_212146\\DDT_Amazon_TestSuiteValidation\\Amazon_DDT_TestSuite_InternalData_001\\20240203_212146\\execution0.log"/>
         <property name="attachments" value=""/>
         <property name="hostName" value="RS - DESKTOP-3NI4M05"/>
         <property name="os" value="Windows 10 64bit"/>
         <property name="katalonVersion" value="9.1.0.212"/>
         <property name="browser" value="Chrome 121.0.0.0"/>
         <property name="hostAddress" value="192.168.5.7"/>
         <property name="sessionId" value="4a1181900e7e543d8b04e3f51b6292eb"/>
         <property name="seleniumVersion" value="3.141.59"/>
         <property name="proxyInformation" value="ProxyInformation { proxyOption=NO_PROXY, proxyServerType=HTTP, username=, password=********, proxyServerAddress=, proxyServerPort=0, executionList=&quot;&quot;, isApplyToDesiredCapabilities=true }"/>
         <property name="platform" value="Windows 10"/>
      </properties>
      <testcase name="Test Cases/TC_Amazon_Validation/DDT Amazon TestCase Validation/TC_Amazon_DDT_InternalData_001" time="21.935" classname="Test Cases/TC_Amazon_Validation/DDT Amazon TestCase Validation/TC_Amazon_DDT_InternalData_001" status="PASSED">
         <system-out><![CDATA[03-02-2024T21:21:53 - [TEST_CASE][PASSED] - Test Cases/TC_Amazon_Validation/DDT Amazon TestCase Validation/TC_Amazon_DDT_InternalData_001: Test Cases/TC_Amazon_Validation/DDT Amazon TestCase Validation/TC_Amazon_DDT_InternalData_001

03-02-2024T21:21:53 - [TEST_STEP][PASSED] - openBrowser(""): Browser is opened with url: ''

03-02-2024T21:21:53 - [MESSAGE][INFO] - Starting 'Chrome' driver

03-02-2024T21:21:54 - [MESSAGE][INFO] - Action delay is set to 0 milliseconds

03-02-2024T21:21:55 - [MESSAGE][PASSED] - Browser is opened with url: ''

03-02-2024T21:21:55 - [TEST_STEP][PASSED] - navigateToUrl("https://www.amazon.com/"): Navigate to 'https://www.amazon.com/' successfully

03-02-2024T21:21:57 - [MESSAGE][PASSED] - Navigate to 'https://www.amazon.com/' successfully

03-02-2024T21:21:57 - [TEST_STEP][PASSED] - click(findTestObject("Object Repository/DDT_Amazon_TestCaseValidation_OR/Amazon_DDT_InternalData_OR/span_Account  Lists")): Object: 'Object Repository/DDT_Amazon_TestCaseValidation_OR/Amazon_DDT_InternalData_OR/span_Account  Lists' is clicked on

03-02-2024T21:22:09 - [MESSAGE][PASSED] - Object: 'Object Repository/DDT_Amazon_TestCaseValidation_OR/Amazon_DDT_InternalData_OR/span_Account  Lists' is clicked on

03-02-2024T21:22:09 - [TEST_STEP][PASSED] - setText(findTestObject("Object Repository/DDT_Amazon_TestCaseValidation_OR/Amazon_DDT_InternalData_OR/input_email"), email): Text 'sagarkumarmolli@gmail.com' is set on object 'Object Repository/DDT_Amazon_TestCaseValidation_OR/Amazon_DDT_InternalData_OR/input_email'

03-02-2024T21:22:12 - [MESSAGE][PASSED] - Text 'sagarkumarmolli@gmail.com' is set on object 'Object Repository/DDT_Amazon_TestCaseValidation_OR/Amazon_DDT_InternalData_OR/input_email'

03-02-2024T21:22:12 - [TEST_STEP][PASSED] - click(findTestObject("Object Repository/DDT_Amazon_TestCaseValidation_OR/Amazon_DDT_InternalData_OR/inputcontinue")): Object: 'Object Repository/DDT_Amazon_TestCaseValidation_OR/Amazon_DDT_InternalData_OR/inputcontinue' is clicked on

03-02-2024T21:22:13 - [MESSAGE][PASSED] - Object: 'Object Repository/DDT_Amazon_TestCaseValidation_OR/Amazon_DDT_InternalData_OR/inputcontinue' is clicked on

03-02-2024T21:22:13 - [TEST_STEP][PASSED] - setText(findTestObject("Object Repository/DDT_Amazon_TestCaseValidation_OR/Amazon_DDT_InternalData_OR/input_password"), password): Text 'Sagar123@' is set on object 'Object Repository/DDT_Amazon_TestCaseValidation_OR/Amazon_DDT_InternalData_OR/input_password'

03-02-2024T21:22:14 - [MESSAGE][PASSED] - Text 'Sagar123@' is set on object 'Object Repository/DDT_Amazon_TestCaseValidation_OR/Amazon_DDT_InternalData_OR/input_password'

03-02-2024T21:22:14 - [TEST_STEP][PASSED] - click(findTestObject("Object Repository/DDT_Amazon_TestCaseValidation_OR/Amazon_DDT_InternalData_OR/inputsignInSubmit")): Object: 'Object Repository/DDT_Amazon_TestCaseValidation_OR/Amazon_DDT_InternalData_OR/inputsignInSubmit' is clicked on

03-02-2024T21:22:15 - [MESSAGE][PASSED] - Object: 'Object Repository/DDT_Amazon_TestCaseValidation_OR/Amazon_DDT_InternalData_OR/inputsignInSubmit' is clicked on

03-02-2024T21:22:15 - [TEST_STEP][PASSED] - closeBrowser(): Browser is closed

03-02-2024T21:22:15 - [MESSAGE][PASSED] - Browser is closed]]></system-out>
         <system-err><![CDATA[]]></system-err>
      </testcase>
      <system-out><![CDATA[03-02-2024T21:21:53 - [TEST_SUITE][PASSED] - Amazon_DDT_TestSuite_InternalData_001: Test Cases/TC_Amazon_Validation/DDT Amazon TestCase Validation/TC_Amazon_DDT_InternalData_001]]></system-out>
      <system-err><![CDATA[]]></system-err>
   </testsuite>
</testsuites>
