<?xml version="1.0" encoding="UTF-8"?>
<testsuites name="Amazon_TestSuite_cart_003" time="36.791" tests="1" failures="0" errors="0">
   <testsuite name="Amazon_TestSuite_cart_003" tests="1" failures="0" errors="0" time="36.791" skipped="0" timestamp="05-02-2024T15:29:55" hostname="RS - DESKTOP-3NI4M05" id="Test Suites/Amazon_ALL_TestSuites/Amazon_TestSuite/Amazon_TestSuite_cart_003">
      <properties>
         <property name="deviceName" value=""/>
         <property name="devicePlatform" value=""/>
         <property name="logFolder" value="C:\\Users\\RS\\Katalon Studio\\My First Web UI Project\\AMAZON SOFTWARE TEST AUTOMATION\\Reports\\20240205_152835\\Amazon_ALL_TestSuites\\Amazon_TestSuite\\Amazon_TestSuite_cart_003\\20240205_152840"/>
         <property name="logFiles" value="C:\\Users\\RS\\Katalon Studio\\My First Web UI Project\\AMAZON SOFTWARE TEST AUTOMATION\\Reports\\20240205_152835\\Amazon_ALL_TestSuites\\Amazon_TestSuite\\Amazon_TestSuite_cart_003\\20240205_152840\\execution0.log"/>
         <property name="attachments" value=""/>
         <property name="hostName" value="RS - DESKTOP-3NI4M05"/>
         <property name="os" value="Windows 10 64bit"/>
         <property name="katalonVersion" value="9.3.0.212"/>
         <property name="browser" value="Chrome 121.0.0.0"/>
         <property name="hostAddress" value="192.168.5.7"/>
         <property name="sessionId" value="1c0b18839a1f2239898f869db7fd992a"/>
         <property name="seleniumVersion" value="3.141.59"/>
         <property name="proxyInformation" value="ProxyInformation { proxyOption=NO_PROXY, proxyServerType=HTTP, username=, password=********, proxyServerAddress=, proxyServerPort=0, executionList=&quot;&quot;, isApplyToDesiredCapabilities=true }"/>
         <property name="platform" value="Windows 10"/>
      </properties>
      <testcase name="Test Cases/TC_Amazon_Validation/All Test Cases Validation/TC_AmazonValidateForCart_003" time="36.596" classname="Test Cases/TC_Amazon_Validation/All Test Cases Validation/TC_AmazonValidateForCart_003" status="PASSED">
         <system-out><![CDATA[05-02-2024T15:29:55 - [TEST_CASE][PASSED] - Test Cases/TC_Amazon_Validation/All Test Cases Validation/TC_AmazonValidateForCart_003: Test Cases/TC_Amazon_Validation/All Test Cases Validation/TC_AmazonValidateForCart_003

05-02-2024T15:29:55 - [TEST_STEP][PASSED] - openBrowser(""): Browser is opened with url: ''

05-02-2024T15:29:55 - [MESSAGE][INFO] - Starting 'Chrome' driver

05-02-2024T15:29:55 - [MESSAGE][INFO] - Action delay is set to 0 milliseconds

05-02-2024T15:29:57 - [MESSAGE][PASSED] - Browser is opened with url: ''

05-02-2024T15:29:57 - [TEST_STEP][PASSED] - navigateToUrl("https://www.amazon.com/"): Navigate to 'https://www.amazon.com/' successfully

05-02-2024T15:29:59 - [MESSAGE][PASSED] - Navigate to 'https://www.amazon.com/' successfully

05-02-2024T15:29:59 - [TEST_STEP][PASSED] - click(findTestObject("Object Repository/AmazonPages/Amazon_cart_OR/span_Account  Lists")): Object: 'Object Repository/AmazonPages/Amazon_cart_OR/span_Account  Lists' is clicked on

05-02-2024T15:30:10 - [MESSAGE][PASSED] - Object: 'Object Repository/AmazonPages/Amazon_cart_OR/span_Account  Lists' is clicked on

05-02-2024T15:30:10 - [TEST_STEP][PASSED] - setText(findTestObject("Object Repository/AmazonPages/Amazon_cart_OR/input_email"), "sagarkumarmolli@gmail.com"): Text 'sagarkumarmolli@gmail.com' is set on object 'Object Repository/AmazonPages/Amazon_cart_OR/input_email'

05-02-2024T15:30:12 - [MESSAGE][PASSED] - Text 'sagarkumarmolli@gmail.com' is set on object 'Object Repository/AmazonPages/Amazon_cart_OR/input_email'

05-02-2024T15:30:12 - [TEST_STEP][PASSED] - click(findTestObject("Object Repository/AmazonPages/Amazon_cart_OR/inputcontinue")): Object: 'Object Repository/AmazonPages/Amazon_cart_OR/inputcontinue' is clicked on

05-02-2024T15:30:13 - [MESSAGE][PASSED] - Object: 'Object Repository/AmazonPages/Amazon_cart_OR/inputcontinue' is clicked on

05-02-2024T15:30:13 - [TEST_STEP][PASSED] - setEncryptedText(findTestObject("Object Repository/AmazonPages/Amazon_cart_OR/input_password"), "UzqFrP2yZheNfSdwKeJwgA=="): Text ****** has been set on object 'Object Repository/AmazonPages/Amazon_cart_OR/input_password'

05-02-2024T15:30:14 - [MESSAGE][PASSED] - Text ****** has been set on object 'Object Repository/AmazonPages/Amazon_cart_OR/input_password'

05-02-2024T15:30:14 - [TEST_STEP][PASSED] - click(findTestObject("Object Repository/AmazonPages/Amazon_cart_OR/inputsignInSubmit")): Object: 'Object Repository/AmazonPages/Amazon_cart_OR/inputsignInSubmit' is clicked on

05-02-2024T15:30:15 - [MESSAGE][PASSED] - Object: 'Object Repository/AmazonPages/Amazon_cart_OR/inputsignInSubmit' is clicked on

05-02-2024T15:30:15 - [TEST_STEP][PASSED] - click(findTestObject("Object Repository/AmazonPages/Amazon_cart_OR/span_Cart")): Object: 'Object Repository/AmazonPages/Amazon_cart_OR/span_Cart' is clicked on

05-02-2024T15:30:31 - [MESSAGE][PASSED] - Object: 'Object Repository/AmazonPages/Amazon_cart_OR/span_Cart' is clicked on

05-02-2024T15:30:31 - [TEST_STEP][PASSED] - closeBrowser(): Browser is closed

05-02-2024T15:30:31 - [MESSAGE][PASSED] - Browser is closed]]></system-out>
         <system-err><![CDATA[]]></system-err>
      </testcase>
      <system-out><![CDATA[05-02-2024T15:29:55 - [TEST_SUITE][PASSED] - Amazon_TestSuite_cart_003: Test Cases/TC_Amazon_Validation/All Test Cases Validation/TC_AmazonValidateForCart_003]]></system-out>
      <system-err><![CDATA[]]></system-err>
   </testsuite>
</testsuites>
