<?xml version="1.0" encoding="UTF-8"?>
<testsuites name="Amazon_DDT_TestSuite_InternalData_001" time="18.699" tests="1" failures="0" errors="0">
   <testsuite name="Amazon_DDT_TestSuite_InternalData_001" tests="1" failures="0" errors="0" time="18.699" skipped="0" timestamp="06-02-2024T22:38:24" hostname="RS - DESKTOP-3NI4M05" id="Test Suites/Amazon_ALL_TestSuites/DDT_Amazon_TestSuiteValidation/Amazon_DDT_TestSuite_InternalData_001">
      <properties>
         <property name="deviceName" value=""/>
         <property name="devicePlatform" value=""/>
         <property name="logFolder" value="C:\\Users\\RS\\Katalon Studio\\My First Web UI Project\\AMAZON SOFTWARE TEST AUTOMATION\\Reports\\20240206_223812\\Amazon_ALL_TestSuites\\DDT_Amazon_TestSuiteValidation\\Amazon_DDT_TestSuite_InternalData_001\\20240206_223813"/>
         <property name="logFiles" value="C:\\Users\\RS\\Katalon Studio\\My First Web UI Project\\AMAZON SOFTWARE TEST AUTOMATION\\Reports\\20240206_223812\\Amazon_ALL_TestSuites\\DDT_Amazon_TestSuiteValidation\\Amazon_DDT_TestSuite_InternalData_001\\20240206_223813\\execution0.log"/>
         <property name="attachments" value=""/>
         <property name="hostName" value="RS - DESKTOP-3NI4M05"/>
         <property name="os" value="Windows 10 64bit"/>
         <property name="katalonVersion" value="9.3.0.212"/>
         <property name="browser" value="Chrome 121.0.0.0"/>
         <property name="hostAddress" value="192.168.5.7"/>
         <property name="sessionId" value="e9b124c9ab7c40f3ac56d50563d7adcc"/>
         <property name="seleniumVersion" value="3.141.59"/>
         <property name="proxyInformation" value="ProxyInformation { proxyOption=NO_PROXY, proxyServerType=HTTP, username=, password=********, proxyServerAddress=, proxyServerPort=0, executionList=&quot;&quot;, isApplyToDesiredCapabilities=true }"/>
         <property name="platform" value="Windows 10"/>
      </properties>
      <testcase name="Test Cases/TC_Amazon_Validation/DDT Amazon TestCase Validation/TC_Amazon_DDT_InternalData_001" time="18.458" classname="Test Cases/TC_Amazon_Validation/DDT Amazon TestCase Validation/TC_Amazon_DDT_InternalData_001" status="PASSED">
         <system-out><![CDATA[06-02-2024T22:38:25 - [TEST_CASE][PASSED] - Test Cases/TC_Amazon_Validation/DDT Amazon TestCase Validation/TC_Amazon_DDT_InternalData_001: Test Cases/TC_Amazon_Validation/DDT Amazon TestCase Validation/TC_Amazon_DDT_InternalData_001

06-02-2024T22:38:25 - [TEST_STEP][PASSED] - openBrowser(""): Browser is opened with url: ''

06-02-2024T22:38:25 - [MESSAGE][INFO] - Starting 'Chrome' driver

06-02-2024T22:38:25 - [MESSAGE][INFO] - Action delay is set to 0 milliseconds

06-02-2024T22:38:27 - [MESSAGE][PASSED] - Browser is opened with url: ''

06-02-2024T22:38:27 - [TEST_STEP][PASSED] - navigateToUrl("https://www.amazon.com"): Navigate to 'https://www.amazon.com' successfully

06-02-2024T22:38:29 - [MESSAGE][PASSED] - Navigate to 'https://www.amazon.com' successfully

06-02-2024T22:38:29 - [TEST_STEP][PASSED] - click(findTestObject("Object Repository/DDT_Amazon_TestCaseValidation_OR/Amazon_DDT_InternalData_OR/span_Account  Lists")): Object: 'Object Repository/DDT_Amazon_TestCaseValidation_OR/Amazon_DDT_InternalData_OR/span_Account  Lists' is clicked on

06-02-2024T22:38:38 - [MESSAGE][PASSED] - Object: 'Object Repository/DDT_Amazon_TestCaseValidation_OR/Amazon_DDT_InternalData_OR/span_Account  Lists' is clicked on

06-02-2024T22:38:38 - [TEST_STEP][PASSED] - setText(findTestObject("Object Repository/DDT_Amazon_TestCaseValidation_OR/Amazon_DDT_InternalData_OR/input_email"), email): Text 'sagarkumarmolli@gmail.com' is set on object 'Object Repository/DDT_Amazon_TestCaseValidation_OR/Amazon_DDT_InternalData_OR/input_email'

06-02-2024T22:38:40 - [MESSAGE][PASSED] - Text 'sagarkumarmolli@gmail.com' is set on object 'Object Repository/DDT_Amazon_TestCaseValidation_OR/Amazon_DDT_InternalData_OR/input_email'

06-02-2024T22:38:40 - [TEST_STEP][PASSED] - click(findTestObject("Object Repository/DDT_Amazon_TestCaseValidation_OR/Amazon_DDT_InternalData_OR/inputcontinue")): Object: 'Object Repository/DDT_Amazon_TestCaseValidation_OR/Amazon_DDT_InternalData_OR/inputcontinue' is clicked on

06-02-2024T22:38:41 - [MESSAGE][PASSED] - Object: 'Object Repository/DDT_Amazon_TestCaseValidation_OR/Amazon_DDT_InternalData_OR/inputcontinue' is clicked on

06-02-2024T22:38:41 - [TEST_STEP][PASSED] - setText(findTestObject("Object Repository/DDT_Amazon_TestCaseValidation_OR/Amazon_DDT_InternalData_OR/input_password"), password): Text 'Sagar123@' is set on object 'Object Repository/DDT_Amazon_TestCaseValidation_OR/Amazon_DDT_InternalData_OR/input_password'

06-02-2024T22:38:42 - [MESSAGE][PASSED] - Text 'Sagar123@' is set on object 'Object Repository/DDT_Amazon_TestCaseValidation_OR/Amazon_DDT_InternalData_OR/input_password'

06-02-2024T22:38:42 - [TEST_STEP][PASSED] - click(findTestObject("Object Repository/DDT_Amazon_TestCaseValidation_OR/Amazon_DDT_InternalData_OR/inputsignInSubmit")): Object: 'Object Repository/DDT_Amazon_TestCaseValidation_OR/Amazon_DDT_InternalData_OR/inputsignInSubmit' is clicked on

06-02-2024T22:38:43 - [MESSAGE][PASSED] - Object: 'Object Repository/DDT_Amazon_TestCaseValidation_OR/Amazon_DDT_InternalData_OR/inputsignInSubmit' is clicked on

06-02-2024T22:38:43 - [TEST_STEP][PASSED] - closeBrowser(): Browser is closed

06-02-2024T22:38:43 - [MESSAGE][PASSED] - Browser is closed]]></system-out>
         <system-err><![CDATA[]]></system-err>
      </testcase>
      <system-out><![CDATA[06-02-2024T22:38:24 - [TEST_SUITE][PASSED] - Amazon_DDT_TestSuite_InternalData_001: Test Cases/TC_Amazon_Validation/DDT Amazon TestCase Validation/TC_Amazon_DDT_InternalData_001]]></system-out>
      <system-err><![CDATA[]]></system-err>
   </testsuite>
</testsuites>
