<?xml version="1.0" encoding="UTF-8"?>
<testsuites name="Amazon_Test Suite_GlobalVariables_002" time="22.67" tests="1" failures="0" errors="0">
   <testsuite name="Amazon_Test Suite_GlobalVariables_002" tests="1" failures="0" errors="0" time="22.67" skipped="0" timestamp="06-02-2024T00:29:43" hostname="RS - DESKTOP-3NI4M05" id="Test Suites/Amazon_ALL_TestSuites/Amazon_Local and Global Variables_TestSuiteValidation/Amazon_Test Suite_GlobalVariables_002">
      <properties>
         <property name="deviceName" value=""/>
         <property name="devicePlatform" value=""/>
         <property name="logFolder" value="C:\\Users\\RS\\Katalon Studio\\My First Web UI Project\\AMAZON SOFTWARE TEST AUTOMATION\\Reports\\20240206_002935\\Amazon_ALL_TestSuites\\Amazon_Local and Global Variables_TestSuiteValidation\\Amazon_Test Suite_GlobalVariables_002\\20240206_002936"/>
         <property name="logFiles" value="C:\\Users\\RS\\Katalon Studio\\My First Web UI Project\\AMAZON SOFTWARE TEST AUTOMATION\\Reports\\20240206_002935\\Amazon_ALL_TestSuites\\Amazon_Local and Global Variables_TestSuiteValidation\\Amazon_Test Suite_GlobalVariables_002\\20240206_002936\\execution0.log"/>
         <property name="attachments" value=""/>
         <property name="hostName" value="RS - DESKTOP-3NI4M05"/>
         <property name="os" value="Windows 10 64bit"/>
         <property name="katalonVersion" value="9.3.0.212"/>
         <property name="browser" value="Chrome 121.0.0.0"/>
         <property name="hostAddress" value="192.168.5.7"/>
         <property name="sessionId" value="68924d500dec72517ac10915459b7002"/>
         <property name="seleniumVersion" value="3.141.59"/>
         <property name="proxyInformation" value="ProxyInformation { proxyOption=NO_PROXY, proxyServerType=HTTP, username=, password=********, proxyServerAddress=, proxyServerPort=0, executionList=&quot;&quot;, isApplyToDesiredCapabilities=true }"/>
         <property name="platform" value="Windows 10"/>
      </properties>
      <testcase name="Test Cases/TC_Amazon_Validation/Amazon Local and Global Variables/TC_Amazon_GlobalVariables_002" time="22.475" classname="Test Cases/TC_Amazon_Validation/Amazon Local and Global Variables/TC_Amazon_GlobalVariables_002" status="PASSED">
         <system-out><![CDATA[06-02-2024T00:29:43 - [TEST_CASE][PASSED] - Test Cases/TC_Amazon_Validation/Amazon Local and Global Variables/TC_Amazon_GlobalVariables_002: Test Cases/TC_Amazon_Validation/Amazon Local and Global Variables/TC_Amazon_GlobalVariables_002

06-02-2024T00:29:43 - [TEST_STEP][PASSED] - openBrowser(""): Browser is opened with url: ''

06-02-2024T00:29:44 - [MESSAGE][INFO] - Starting 'Chrome' driver

06-02-2024T00:29:44 - [MESSAGE][INFO] - Action delay is set to 0 milliseconds

06-02-2024T00:29:45 - [MESSAGE][PASSED] - Browser is opened with url: ''

06-02-2024T00:29:45 - [TEST_STEP][PASSED] - navigateToUrl("https://www.amazon.com"): Navigate to 'https://www.amazon.com' successfully

06-02-2024T00:29:47 - [MESSAGE][PASSED] - Navigate to 'https://www.amazon.com' successfully

06-02-2024T00:29:47 - [TEST_STEP][PASSED] - click(findTestObject("Amazon_Local and Global Variables_OR/Amazon_GlobalVariables_OR/span_Account  Lists")): Object: 'Object Repository/Amazon_Local and Global Variables_OR/Amazon_GlobalVariables_OR/span_Account  Lists' is clicked on

06-02-2024T00:30:01 - [MESSAGE][PASSED] - Object: 'Object Repository/Amazon_Local and Global Variables_OR/Amazon_GlobalVariables_OR/span_Account  Lists' is clicked on

06-02-2024T00:30:01 - [TEST_STEP][PASSED] - setText(findTestObject("Amazon_Local and Global Variables_OR/Amazon_GlobalVariables_OR/input_Email or mobile phone number_email"), username): Text 'sagarkumarmolli@gmail.com' is set on object 'Object Repository/Amazon_Local and Global Variables_OR/Amazon_GlobalVariables_OR/input_Email or mobile phone number_email'

06-02-2024T00:30:03 - [MESSAGE][PASSED] - Text 'sagarkumarmolli@gmail.com' is set on object 'Object Repository/Amazon_Local and Global Variables_OR/Amazon_GlobalVariables_OR/input_Email or mobile phone number_email'

06-02-2024T00:30:03 - [TEST_STEP][PASSED] - click(findTestObject("Amazon_Local and Global Variables_OR/Amazon_GlobalVariables_OR/input_Enter your email or mobile phone number_continue")): Object: 'Object Repository/Amazon_Local and Global Variables_OR/Amazon_GlobalVariables_OR/input_Enter your email or mobile phone number_continue' is clicked on

06-02-2024T00:30:04 - [MESSAGE][PASSED] - Object: 'Object Repository/Amazon_Local and Global Variables_OR/Amazon_GlobalVariables_OR/input_Enter your email or mobile phone number_continue' is clicked on

06-02-2024T00:30:04 - [TEST_STEP][PASSED] - setText(findTestObject("Amazon_Local and Global Variables_OR/Amazon_GlobalVariables_OR/input_Forgot your password_password"), locker): Text 'Sagar123@' is set on object 'Object Repository/Amazon_Local and Global Variables_OR/Amazon_GlobalVariables_OR/input_Forgot your password_password'

06-02-2024T00:30:05 - [MESSAGE][PASSED] - Text 'Sagar123@' is set on object 'Object Repository/Amazon_Local and Global Variables_OR/Amazon_GlobalVariables_OR/input_Forgot your password_password'

06-02-2024T00:30:05 - [TEST_STEP][PASSED] - click(findTestObject("Amazon_Local and Global Variables_OR/Amazon_GlobalVariables_OR/input_Enter your password_signInSubmit")): Object: 'Object Repository/Amazon_Local and Global Variables_OR/Amazon_GlobalVariables_OR/input_Enter your password_signInSubmit' is clicked on

06-02-2024T00:30:05 - [MESSAGE][PASSED] - Object: 'Object Repository/Amazon_Local and Global Variables_OR/Amazon_GlobalVariables_OR/input_Enter your password_signInSubmit' is clicked on

06-02-2024T00:30:05 - [TEST_STEP][PASSED] - closeBrowser(): Browser is closed

06-02-2024T00:30:05 - [MESSAGE][PASSED] - Browser is closed]]></system-out>
         <system-err><![CDATA[]]></system-err>
      </testcase>
      <system-out><![CDATA[06-02-2024T00:29:43 - [TEST_SUITE][PASSED] - Amazon_Test Suite_GlobalVariables_002: Test Cases/TC_Amazon_Validation/Amazon Local and Global Variables/TC_Amazon_GlobalVariables_002]]></system-out>
      <system-err><![CDATA[]]></system-err>
   </testsuite>
</testsuites>
