<?xml version="1.0" encoding="UTF-8"?>
<testsuites name="Amazon_TestSuite_Login_001" time="12.709" tests="1" failures="0" errors="0">
   <testsuite name="Amazon_TestSuite_Login_001" tests="1" failures="0" errors="0" time="12.709" skipped="0" timestamp="02-02-2024T19:01:12" hostname="RS - DESKTOP-3NI4M05" id="Test Suites/Amazon_TestSuite/Amazon_TestSuite_Login_001">
      <properties>
         <property name="deviceName" value=""/>
         <property name="devicePlatform" value=""/>
         <property name="logFolder" value="C:\\Users\\RS\\Katalon Studio\\My First Web UI Project\\AMAZON SOFTWARE TEST AUTOMATION\\Reports\\20240202_190108\\Amazon_TestSuite\\Amazon_TestSuite_Login_001\\20240202_190108"/>
         <property name="logFiles" value="C:\\Users\\RS\\Katalon Studio\\My First Web UI Project\\AMAZON SOFTWARE TEST AUTOMATION\\Reports\\20240202_190108\\Amazon_TestSuite\\Amazon_TestSuite_Login_001\\20240202_190108\\execution0.log"/>
         <property name="attachments" value=""/>
         <property name="hostName" value="RS - DESKTOP-3NI4M05"/>
         <property name="os" value="Windows 10 64bit"/>
         <property name="katalonVersion" value="9.1.0.212"/>
         <property name="browser" value="Chrome 121.0.0.0"/>
         <property name="hostAddress" value="192.168.5.7"/>
         <property name="sessionId" value="94765056a4b93fe32eeefaad108c8fda"/>
         <property name="seleniumVersion" value="3.141.59"/>
         <property name="proxyInformation" value="ProxyInformation { proxyOption=NO_PROXY, proxyServerType=HTTP, username=, password=********, proxyServerAddress=, proxyServerPort=0, executionList=&quot;&quot;, isApplyToDesiredCapabilities=true }"/>
         <property name="platform" value="Windows 10"/>
      </properties>
      <testcase name="Test Cases/TC_Amazon_Login_001" time="12.514" classname="Test Cases/TC_Amazon_Login_001" status="PASSED">
         <system-out><![CDATA[02-02-2024T19:01:12 - [TEST_CASE][PASSED] - Test Cases/TC_Amazon_Login_001: Test Cases/TC_Amazon_Login_001

02-02-2024T19:01:12 - [TEST_STEP][PASSED] - openBrowser(""): Browser is opened with url: ''

02-02-2024T19:01:12 - [MESSAGE][INFO] - Starting 'Chrome' driver

02-02-2024T19:01:12 - [MESSAGE][INFO] - Action delay is set to 0 milliseconds

02-02-2024T19:01:14 - [MESSAGE][PASSED] - Browser is opened with url: ''

02-02-2024T19:01:14 - [TEST_STEP][PASSED] - navigateToUrl("https://www.amazon.com"): Navigate to 'https://www.amazon.com' successfully

02-02-2024T19:01:16 - [MESSAGE][PASSED] - Navigate to 'https://www.amazon.com' successfully

02-02-2024T19:01:16 - [TEST_STEP][PASSED] - click(findTestObject("AmazonPages/Amazon_Login_OR/Page_Amazon Sign-In/Page_Amazon.com. Spend less. Smile more/span_Account  Lists")): Object: 'Object Repository/AmazonPages/Amazon_Login_OR/Page_Amazon Sign-In/Page_Amazon.com. Spend less. Smile more/span_Account  Lists' is clicked on

02-02-2024T19:01:19 - [MESSAGE][PASSED] - Object: 'Object Repository/AmazonPages/Amazon_Login_OR/Page_Amazon Sign-In/Page_Amazon.com. Spend less. Smile more/span_Account  Lists' is clicked on

02-02-2024T19:01:19 - [TEST_STEP][PASSED] - setText(findTestObject("AmazonPages/Amazon_Login_OR/Page_Amazon Sign-In/input_Email or mobile phone number_email"), "sagarkumarmolli@gmail.com"): Text 'sagarkumarmolli@gmail.com' is set on object 'Object Repository/AmazonPages/Amazon_Login_OR/Page_Amazon Sign-In/input_Email or mobile phone number_email'

02-02-2024T19:01:21 - [MESSAGE][PASSED] - Text 'sagarkumarmolli@gmail.com' is set on object 'Object Repository/AmazonPages/Amazon_Login_OR/Page_Amazon Sign-In/input_Email or mobile phone number_email'

02-02-2024T19:01:21 - [TEST_STEP][PASSED] - click(findTestObject("AmazonPages/Amazon_Login_OR/Page_Amazon Sign-In/input_Enter your email or mobile phone number_continue")): Object: 'Object Repository/AmazonPages/Amazon_Login_OR/Page_Amazon Sign-In/input_Enter your email or mobile phone number_continue' is clicked on

02-02-2024T19:01:22 - [MESSAGE][PASSED] - Object: 'Object Repository/AmazonPages/Amazon_Login_OR/Page_Amazon Sign-In/input_Enter your email or mobile phone number_continue' is clicked on

02-02-2024T19:01:22 - [TEST_STEP][PASSED] - setEncryptedText(findTestObject("AmazonPages/Amazon_Login_OR/Page_Amazon Sign-In/input_Forgot your password_password"), "UzqFrP2yZheNfSdwKeJwgA=="): Text ****** has been set on object 'Object Repository/AmazonPages/Amazon_Login_OR/Page_Amazon Sign-In/input_Forgot your password_password'

02-02-2024T19:01:24 - [MESSAGE][PASSED] - Text ****** has been set on object 'Object Repository/AmazonPages/Amazon_Login_OR/Page_Amazon Sign-In/input_Forgot your password_password'

02-02-2024T19:01:24 - [TEST_STEP][PASSED] - click(findTestObject("AmazonPages/Amazon_Login_OR/Page_Amazon Sign-In/input_Enter your password_signInSubmit")): Object: 'Object Repository/AmazonPages/Amazon_Login_OR/Page_Amazon Sign-In/input_Enter your password_signInSubmit' is clicked on

02-02-2024T19:01:24 - [MESSAGE][PASSED] - Object: 'Object Repository/AmazonPages/Amazon_Login_OR/Page_Amazon Sign-In/input_Enter your password_signInSubmit' is clicked on

02-02-2024T19:01:24 - [TEST_STEP][PASSED] - closeBrowser(): Browser is closed

02-02-2024T19:01:24 - [MESSAGE][PASSED] - Browser is closed]]></system-out>
         <system-err><![CDATA[]]></system-err>
      </testcase>
      <system-out><![CDATA[02-02-2024T19:01:12 - [TEST_SUITE][PASSED] - Amazon_TestSuite_Login_001: Test Cases/TC_Amazon_Login_001]]></system-out>
      <system-err><![CDATA[]]></system-err>
   </testsuite>
</testsuites>
