<?xml version="1.0" encoding="UTF-8"?>
<testsuites name="Amazon_TestSuite_PaymentOptions_005" time="26.633" tests="1" failures="0" errors="0">
   <testsuite name="Amazon_TestSuite_PaymentOptions_005" tests="1" failures="0" errors="0" time="26.633" skipped="0" timestamp="03-02-2024T00:04:55" hostname="RS - DESKTOP-3NI4M05" id="Test Suites/Amazon_TestSuite/Amazon_TestSuite_PaymentOptions_005">
      <properties>
         <property name="deviceName" value=""/>
         <property name="devicePlatform" value=""/>
         <property name="logFolder" value="C:\\Users\\RS\\Katalon Studio\\My First Web UI Project\\AMAZON SOFTWARE TEST AUTOMATION\\Reports\\20240203_000448\\Amazon_TestSuite\\Amazon_TestSuite_PaymentOptions_005\\20240203_000448"/>
         <property name="logFiles" value="C:\\Users\\RS\\Katalon Studio\\My First Web UI Project\\AMAZON SOFTWARE TEST AUTOMATION\\Reports\\20240203_000448\\Amazon_TestSuite\\Amazon_TestSuite_PaymentOptions_005\\20240203_000448\\execution0.log"/>
         <property name="attachments" value=""/>
         <property name="hostName" value="RS - DESKTOP-3NI4M05"/>
         <property name="os" value="Windows 10 64bit"/>
         <property name="katalonVersion" value="9.1.0.212"/>
         <property name="browser" value="Chrome 121.0.0.0"/>
         <property name="hostAddress" value="192.168.5.7"/>
         <property name="sessionId" value="7314c4d6a57d4dc7f4e5abdc26377baf"/>
         <property name="seleniumVersion" value="3.141.59"/>
         <property name="proxyInformation" value="ProxyInformation { proxyOption=NO_PROXY, proxyServerType=HTTP, username=, password=********, proxyServerAddress=, proxyServerPort=0, executionList=&quot;&quot;, isApplyToDesiredCapabilities=true }"/>
         <property name="platform" value="Windows 10"/>
      </properties>
      <testcase name="Test Cases/TC_Amazon_Validation/All Test Cases Validation/TC_Amazon_ValidateForPaymentOptions_005" time="26.436" classname="Test Cases/TC_Amazon_Validation/All Test Cases Validation/TC_Amazon_ValidateForPaymentOptions_005" status="PASSED">
         <system-out><![CDATA[03-02-2024T00:04:56 - [TEST_CASE][PASSED] - Test Cases/TC_Amazon_Validation/All Test Cases Validation/TC_Amazon_ValidateForPaymentOptions_005: Test Cases/TC_Amazon_Validation/All Test Cases Validation/TC_Amazon_ValidateForPaymentOptions_005

03-02-2024T00:04:56 - [TEST_STEP][PASSED] - openBrowser(""): Browser is opened with url: ''

03-02-2024T00:04:56 - [MESSAGE][INFO] - Starting 'Chrome' driver

03-02-2024T00:04:56 - [MESSAGE][INFO] - Action delay is set to 0 milliseconds

03-02-2024T00:04:57 - [MESSAGE][PASSED] - Browser is opened with url: ''

03-02-2024T00:04:57 - [TEST_STEP][PASSED] - navigateToUrl("https://www.amazon.com/"): Navigate to 'https://www.amazon.com/' successfully

03-02-2024T00:04:59 - [MESSAGE][PASSED] - Navigate to 'https://www.amazon.com/' successfully

03-02-2024T00:04:59 - [TEST_STEP][PASSED] - click(findTestObject("Object Repository/AmazonPages/Amazon_PaymentOptions_OR/span_Account  Lists")): Object: 'Object Repository/AmazonPages/Amazon_PaymentOptions_OR/span_Account  Lists' is clicked on

03-02-2024T00:05:08 - [MESSAGE][PASSED] - Object: 'Object Repository/AmazonPages/Amazon_PaymentOptions_OR/span_Account  Lists' is clicked on

03-02-2024T00:05:08 - [TEST_STEP][PASSED] - setText(findTestObject("Object Repository/AmazonPages/Amazon_PaymentOptions_OR/input_email"), "sagarkumarmolli@gmail.com"): Text 'sagarkumarmolli@gmail.com' is set on object 'Object Repository/AmazonPages/Amazon_PaymentOptions_OR/input_email'

03-02-2024T00:05:09 - [MESSAGE][PASSED] - Text 'sagarkumarmolli@gmail.com' is set on object 'Object Repository/AmazonPages/Amazon_PaymentOptions_OR/input_email'

03-02-2024T00:05:09 - [TEST_STEP][PASSED] - click(findTestObject("Object Repository/AmazonPages/Amazon_PaymentOptions_OR/inputcontinue")): Object: 'Object Repository/AmazonPages/Amazon_PaymentOptions_OR/inputcontinue' is clicked on

03-02-2024T00:05:10 - [MESSAGE][PASSED] - Object: 'Object Repository/AmazonPages/Amazon_PaymentOptions_OR/inputcontinue' is clicked on

03-02-2024T00:05:10 - [TEST_STEP][PASSED] - setEncryptedText(findTestObject("Object Repository/AmazonPages/Amazon_PaymentOptions_OR/input_password"), "UzqFrP2yZheNfSdwKeJwgA=="): Text ****** has been set on object 'Object Repository/AmazonPages/Amazon_PaymentOptions_OR/input_password'

03-02-2024T00:05:11 - [MESSAGE][PASSED] - Text ****** has been set on object 'Object Repository/AmazonPages/Amazon_PaymentOptions_OR/input_password'

03-02-2024T00:05:11 - [TEST_STEP][PASSED] - click(findTestObject("Object Repository/AmazonPages/Amazon_PaymentOptions_OR/inputsignInSubmit")): Object: 'Object Repository/AmazonPages/Amazon_PaymentOptions_OR/inputsignInSubmit' is clicked on

03-02-2024T00:05:11 - [MESSAGE][PASSED] - Object: 'Object Repository/AmazonPages/Amazon_PaymentOptions_OR/inputsignInSubmit' is clicked on

03-02-2024T00:05:11 - [TEST_STEP][PASSED] - click(findTestObject("Object Repository/AmazonPages/Amazon_PaymentOptions_OR/i_hm-icon nav-sprite")): Object: 'Object Repository/AmazonPages/Amazon_PaymentOptions_OR/i_hm-icon nav-sprite' is clicked on

03-02-2024T00:05:18 - [MESSAGE][PASSED] - Object: 'Object Repository/AmazonPages/Amazon_PaymentOptions_OR/i_hm-icon nav-sprite' is clicked on

03-02-2024T00:05:18 - [TEST_STEP][PASSED] - click(findTestObject("Object Repository/AmazonPages/Amazon_PaymentOptions_OR/a_Your Account")): Object: 'Object Repository/AmazonPages/Amazon_PaymentOptions_OR/a_Your Account' is clicked on

03-02-2024T00:05:20 - [MESSAGE][PASSED] - Object: 'Object Repository/AmazonPages/Amazon_PaymentOptions_OR/a_Your Account' is clicked on

03-02-2024T00:05:20 - [TEST_STEP][PASSED] - click(findTestObject("Object Repository/AmazonPages/Amazon_PaymentOptions_OR/span_View all transactions, manage payment _3fb06e")): Object: 'Object Repository/AmazonPages/Amazon_PaymentOptions_OR/span_View all transactions, manage payment _3fb06e' is clicked on

03-02-2024T00:05:22 - [MESSAGE][PASSED] - Object: 'Object Repository/AmazonPages/Amazon_PaymentOptions_OR/span_View all transactions, manage payment _3fb06e' is clicked on

03-02-2024T00:05:22 - [TEST_STEP][PASSED] - closeBrowser(): Browser is closed

03-02-2024T00:05:22 - [MESSAGE][PASSED] - Browser is closed]]></system-out>
         <system-err><![CDATA[]]></system-err>
      </testcase>
      <system-out><![CDATA[03-02-2024T00:04:55 - [TEST_SUITE][PASSED] - Amazon_TestSuite_PaymentOptions_005: Test Cases/TC_Amazon_Validation/All Test Cases Validation/TC_Amazon_ValidateForPaymentOptions_005]]></system-out>
      <system-err><![CDATA[]]></system-err>
   </testsuite>
</testsuites>
