<?xml version="1.0" encoding="UTF-8"?>
<testsuites name="Amazon_DDT_TestSuite_InternalData_001" time="24.862" tests="1" failures="0" errors="0">
   <testsuite name="Amazon_DDT_TestSuite_InternalData_001" tests="1" failures="0" errors="0" time="24.862" skipped="0" timestamp="05-02-2024T17:24:34" hostname="RS - DESKTOP-3NI4M05" id="Test Suites/Amazon_ALL_TestSuites/DDT_Amazon_TestSuiteValidation/Amazon_DDT_TestSuite_InternalData_001">
      <properties>
         <property name="deviceName" value=""/>
         <property name="devicePlatform" value=""/>
         <property name="logFolder" value="C:\\Users\\RS\\Katalon Studio\\My First Web UI Project\\AMAZON SOFTWARE TEST AUTOMATION\\Reports\\20240205_172428\\Amazon_ALL_TestSuites\\DDT_Amazon_TestSuiteValidation\\Amazon_DDT_TestSuite_InternalData_001\\20240205_172428"/>
         <property name="logFiles" value="C:\\Users\\RS\\Katalon Studio\\My First Web UI Project\\AMAZON SOFTWARE TEST AUTOMATION\\Reports\\20240205_172428\\Amazon_ALL_TestSuites\\DDT_Amazon_TestSuiteValidation\\Amazon_DDT_TestSuite_InternalData_001\\20240205_172428\\execution0.log"/>
         <property name="attachments" value=""/>
         <property name="hostName" value="RS - DESKTOP-3NI4M05"/>
         <property name="os" value="Windows 10 64bit"/>
         <property name="katalonVersion" value="9.3.0.212"/>
         <property name="browser" value="Chrome 121.0.0.0"/>
         <property name="hostAddress" value="192.168.5.7"/>
         <property name="sessionId" value="a727749e8ab1809cbd4725b0bff293b0"/>
         <property name="seleniumVersion" value="3.141.59"/>
         <property name="proxyInformation" value="ProxyInformation { proxyOption=NO_PROXY, proxyServerType=HTTP, username=, password=********, proxyServerAddress=, proxyServerPort=0, executionList=&quot;&quot;, isApplyToDesiredCapabilities=true }"/>
         <property name="platform" value="Windows 10"/>
      </properties>
      <testcase name="Test Cases/TC_Amazon_Validation/DDT Amazon TestCase Validation/TC_Amazon_DDT_InternalData_001" time="24.634" classname="Test Cases/TC_Amazon_Validation/DDT Amazon TestCase Validation/TC_Amazon_DDT_InternalData_001" status="PASSED">
         <system-out><![CDATA[05-02-2024T17:24:34 - [TEST_CASE][PASSED] - Test Cases/TC_Amazon_Validation/DDT Amazon TestCase Validation/TC_Amazon_DDT_InternalData_001: Test Cases/TC_Amazon_Validation/DDT Amazon TestCase Validation/TC_Amazon_DDT_InternalData_001

05-02-2024T17:24:35 - [TEST_STEP][PASSED] - openBrowser(""): Browser is opened with url: ''

05-02-2024T17:24:35 - [MESSAGE][INFO] - Starting 'Chrome' driver

05-02-2024T17:24:35 - [MESSAGE][INFO] - Action delay is set to 0 milliseconds

05-02-2024T17:24:36 - [MESSAGE][PASSED] - Browser is opened with url: ''

05-02-2024T17:24:36 - [TEST_STEP][PASSED] - navigateToUrl("https://www.amazon.com/"): Navigate to 'https://www.amazon.com/' successfully

05-02-2024T17:24:39 - [MESSAGE][PASSED] - Navigate to 'https://www.amazon.com/' successfully

05-02-2024T17:24:39 - [TEST_STEP][PASSED] - click(findTestObject("Object Repository/DDT_Amazon_TestCaseValidation_OR/Amazon_DDT_InternalData_OR/span_Account  Lists")): Object: 'Object Repository/DDT_Amazon_TestCaseValidation_OR/Amazon_DDT_InternalData_OR/span_Account  Lists' is clicked on

05-02-2024T17:24:54 - [MESSAGE][PASSED] - Object: 'Object Repository/DDT_Amazon_TestCaseValidation_OR/Amazon_DDT_InternalData_OR/span_Account  Lists' is clicked on

05-02-2024T17:24:54 - [TEST_STEP][PASSED] - setText(findTestObject("Object Repository/DDT_Amazon_TestCaseValidation_OR/Amazon_DDT_InternalData_OR/input_email"), email): Text 'sagarkumarmolli@gmail.com' is set on object 'Object Repository/DDT_Amazon_TestCaseValidation_OR/Amazon_DDT_InternalData_OR/input_email'

05-02-2024T17:24:55 - [MESSAGE][PASSED] - Text 'sagarkumarmolli@gmail.com' is set on object 'Object Repository/DDT_Amazon_TestCaseValidation_OR/Amazon_DDT_InternalData_OR/input_email'

05-02-2024T17:24:55 - [TEST_STEP][PASSED] - click(findTestObject("Object Repository/DDT_Amazon_TestCaseValidation_OR/Amazon_DDT_InternalData_OR/inputcontinue")): Object: 'Object Repository/DDT_Amazon_TestCaseValidation_OR/Amazon_DDT_InternalData_OR/inputcontinue' is clicked on

05-02-2024T17:24:57 - [MESSAGE][PASSED] - Object: 'Object Repository/DDT_Amazon_TestCaseValidation_OR/Amazon_DDT_InternalData_OR/inputcontinue' is clicked on

05-02-2024T17:24:57 - [TEST_STEP][PASSED] - setText(findTestObject("Object Repository/DDT_Amazon_TestCaseValidation_OR/Amazon_DDT_InternalData_OR/input_password"), password): Text 'Sagar123@' is set on object 'Object Repository/DDT_Amazon_TestCaseValidation_OR/Amazon_DDT_InternalData_OR/input_password'

05-02-2024T17:24:58 - [MESSAGE][PASSED] - Text 'Sagar123@' is set on object 'Object Repository/DDT_Amazon_TestCaseValidation_OR/Amazon_DDT_InternalData_OR/input_password'

05-02-2024T17:24:58 - [TEST_STEP][PASSED] - click(findTestObject("Object Repository/DDT_Amazon_TestCaseValidation_OR/Amazon_DDT_InternalData_OR/inputsignInSubmit")): Object: 'Object Repository/DDT_Amazon_TestCaseValidation_OR/Amazon_DDT_InternalData_OR/inputsignInSubmit' is clicked on

05-02-2024T17:24:59 - [MESSAGE][PASSED] - Object: 'Object Repository/DDT_Amazon_TestCaseValidation_OR/Amazon_DDT_InternalData_OR/inputsignInSubmit' is clicked on

05-02-2024T17:24:59 - [TEST_STEP][PASSED] - closeBrowser(): Browser is closed

05-02-2024T17:24:59 - [MESSAGE][PASSED] - Browser is closed]]></system-out>
         <system-err><![CDATA[]]></system-err>
      </testcase>
      <system-out><![CDATA[05-02-2024T17:24:34 - [TEST_SUITE][PASSED] - Amazon_DDT_TestSuite_InternalData_001: Test Cases/TC_Amazon_Validation/DDT Amazon TestCase Validation/TC_Amazon_DDT_InternalData_001]]></system-out>
      <system-err><![CDATA[]]></system-err>
   </testsuite>
</testsuites>
