<?xml version="1.0" encoding="UTF-8"?>
<testsuites name="Amazon_TestSuite_cart_003" time="26.867" tests="1" failures="0" errors="0">
   <testsuite name="Amazon_TestSuite_cart_003" tests="1" failures="0" errors="0" time="26.867" skipped="0" timestamp="03-02-2024T00:01:57" hostname="RS - DESKTOP-3NI4M05" id="Test Suites/Amazon_TestSuite/Amazon_TestSuite_cart_003">
      <properties>
         <property name="deviceName" value=""/>
         <property name="devicePlatform" value=""/>
         <property name="logFolder" value="C:\\Users\\RS\\Katalon Studio\\My First Web UI Project\\AMAZON SOFTWARE TEST AUTOMATION\\Reports\\20240203_000151\\Amazon_TestSuite\\Amazon_TestSuite_cart_003\\20240203_000151"/>
         <property name="logFiles" value="C:\\Users\\RS\\Katalon Studio\\My First Web UI Project\\AMAZON SOFTWARE TEST AUTOMATION\\Reports\\20240203_000151\\Amazon_TestSuite\\Amazon_TestSuite_cart_003\\20240203_000151\\execution0.log"/>
         <property name="attachments" value=""/>
         <property name="hostName" value="RS - DESKTOP-3NI4M05"/>
         <property name="os" value="Windows 10 64bit"/>
         <property name="katalonVersion" value="9.1.0.212"/>
         <property name="browser" value="Chrome 121.0.0.0"/>
         <property name="hostAddress" value="192.168.5.7"/>
         <property name="sessionId" value="20a67c2ea29fb0b0995d6e29eb76578c"/>
         <property name="seleniumVersion" value="3.141.59"/>
         <property name="proxyInformation" value="ProxyInformation { proxyOption=NO_PROXY, proxyServerType=HTTP, username=, password=********, proxyServerAddress=, proxyServerPort=0, executionList=&quot;&quot;, isApplyToDesiredCapabilities=true }"/>
         <property name="platform" value="Windows 10"/>
      </properties>
      <testcase name="Test Cases/TC_Amazon_Validation/All Test Cases Validation/TC_AmazonValidateForCart_003" time="26.661" classname="Test Cases/TC_Amazon_Validation/All Test Cases Validation/TC_AmazonValidateForCart_003" status="PASSED">
         <system-out><![CDATA[03-02-2024T00:01:58 - [TEST_CASE][PASSED] - Test Cases/TC_Amazon_Validation/All Test Cases Validation/TC_AmazonValidateForCart_003: Test Cases/TC_Amazon_Validation/All Test Cases Validation/TC_AmazonValidateForCart_003

03-02-2024T00:01:58 - [TEST_STEP][PASSED] - openBrowser(""): Browser is opened with url: ''

03-02-2024T00:01:58 - [MESSAGE][INFO] - Starting 'Chrome' driver

03-02-2024T00:01:58 - [MESSAGE][INFO] - Action delay is set to 0 milliseconds

03-02-2024T00:02:00 - [MESSAGE][PASSED] - Browser is opened with url: ''

03-02-2024T00:02:00 - [TEST_STEP][PASSED] - navigateToUrl("https://www.amazon.com/"): Navigate to 'https://www.amazon.com/' successfully

03-02-2024T00:02:01 - [MESSAGE][PASSED] - Navigate to 'https://www.amazon.com/' successfully

03-02-2024T00:02:01 - [TEST_STEP][PASSED] - click(findTestObject("Object Repository/AmazonPages/Amazon_cart_OR/span_Account  Lists")): Object: 'Object Repository/AmazonPages/Amazon_cart_OR/span_Account  Lists' is clicked on

03-02-2024T00:02:13 - [MESSAGE][PASSED] - Object: 'Object Repository/AmazonPages/Amazon_cart_OR/span_Account  Lists' is clicked on

03-02-2024T00:02:13 - [TEST_STEP][PASSED] - setText(findTestObject("Object Repository/AmazonPages/Amazon_cart_OR/input_email"), "sagarkumarmolli@gmail.com"): Text 'sagarkumarmolli@gmail.com' is set on object 'Object Repository/AmazonPages/Amazon_cart_OR/input_email'

03-02-2024T00:02:14 - [MESSAGE][PASSED] - Text 'sagarkumarmolli@gmail.com' is set on object 'Object Repository/AmazonPages/Amazon_cart_OR/input_email'

03-02-2024T00:02:14 - [TEST_STEP][PASSED] - click(findTestObject("Object Repository/AmazonPages/Amazon_cart_OR/inputcontinue")): Object: 'Object Repository/AmazonPages/Amazon_cart_OR/inputcontinue' is clicked on

03-02-2024T00:02:15 - [MESSAGE][PASSED] - Object: 'Object Repository/AmazonPages/Amazon_cart_OR/inputcontinue' is clicked on

03-02-2024T00:02:15 - [TEST_STEP][PASSED] - setEncryptedText(findTestObject("Object Repository/AmazonPages/Amazon_cart_OR/input_password"), "UzqFrP2yZheNfSdwKeJwgA=="): Text ****** has been set on object 'Object Repository/AmazonPages/Amazon_cart_OR/input_password'

03-02-2024T00:02:16 - [MESSAGE][PASSED] - Text ****** has been set on object 'Object Repository/AmazonPages/Amazon_cart_OR/input_password'

03-02-2024T00:02:16 - [TEST_STEP][PASSED] - click(findTestObject("Object Repository/AmazonPages/Amazon_cart_OR/inputsignInSubmit")): Object: 'Object Repository/AmazonPages/Amazon_cart_OR/inputsignInSubmit' is clicked on

03-02-2024T00:02:17 - [MESSAGE][PASSED] - Object: 'Object Repository/AmazonPages/Amazon_cart_OR/inputsignInSubmit' is clicked on

03-02-2024T00:02:17 - [TEST_STEP][PASSED] - click(findTestObject("Object Repository/AmazonPages/Amazon_cart_OR/span_Cart")): Object: 'Object Repository/AmazonPages/Amazon_cart_OR/span_Cart' is clicked on

03-02-2024T00:02:24 - [MESSAGE][PASSED] - Object: 'Object Repository/AmazonPages/Amazon_cart_OR/span_Cart' is clicked on

03-02-2024T00:02:24 - [TEST_STEP][PASSED] - closeBrowser(): Browser is closed

03-02-2024T00:02:24 - [MESSAGE][PASSED] - Browser is closed]]></system-out>
         <system-err><![CDATA[]]></system-err>
      </testcase>
      <system-out><![CDATA[03-02-2024T00:01:57 - [TEST_SUITE][PASSED] - Amazon_TestSuite_cart_003: Test Cases/TC_Amazon_Validation/All Test Cases Validation/TC_AmazonValidateForCart_003]]></system-out>
      <system-err><![CDATA[]]></system-err>
   </testsuite>
</testsuites>
