<?xml version="1.0" encoding="UTF-8"?>
<testsuites name="Amazon_DDT_TestSuite_ExternalData_Excel_002" time="123.417" tests="5" failures="0" errors="0">
   <testsuite name="Amazon_DDT_TestSuite_ExternalData_Excel_002" tests="5" failures="0" errors="0" time="123.417" skipped="0" timestamp="06-02-2024T22:38:54" hostname="RS - DESKTOP-3NI4M05" id="Test Suites/Amazon_ALL_TestSuites/DDT_Amazon_TestSuiteValidation/Amazon_DDT_TestSuite_ExternalData_Excel_002">
      <properties>
         <property name="deviceName" value=""/>
         <property name="devicePlatform" value=""/>
         <property name="logFolder" value="C:\\Users\\RS\\Katalon Studio\\My First Web UI Project\\AMAZON SOFTWARE TEST AUTOMATION\\Reports\\20240206_223812\\Amazon_ALL_TestSuites\\DDT_Amazon_TestSuiteValidation\\Amazon_DDT_TestSuite_ExternalData_Excel_002\\20240206_223815"/>
         <property name="logFiles" value="C:\\Users\\RS\\Katalon Studio\\My First Web UI Project\\AMAZON SOFTWARE TEST AUTOMATION\\Reports\\20240206_223812\\Amazon_ALL_TestSuites\\DDT_Amazon_TestSuiteValidation\\Amazon_DDT_TestSuite_ExternalData_Excel_002\\20240206_223815\\execution0.log"/>
         <property name="attachments" value=""/>
         <property name="hostName" value="RS - DESKTOP-3NI4M05"/>
         <property name="os" value="Windows 10 64bit"/>
         <property name="katalonVersion" value="9.3.0.212"/>
         <property name="browser" value="Chrome 121.0.0.0"/>
         <property name="hostAddress" value="192.168.5.7"/>
         <property name="sessionId" value="b71e5f989e43dff2fcd71a21ee0b641a"/>
         <property name="seleniumVersion" value="3.141.59"/>
         <property name="proxyInformation" value="ProxyInformation { proxyOption=NO_PROXY, proxyServerType=HTTP, username=, password=********, proxyServerAddress=, proxyServerPort=0, executionList=&quot;&quot;, isApplyToDesiredCapabilities=true }"/>
         <property name="platform" value="Windows 10"/>
      </properties>
      <testcase name="Test Cases/TC_Amazon_Validation/DDT Amazon TestCase Validation/TC_Amazon_DDT_ExternalData_Excel_002" time="23.965" classname="Test Cases/TC_Amazon_Validation/DDT Amazon TestCase Validation/TC_Amazon_DDT_ExternalData_Excel_002" status="PASSED">
         <system-out><![CDATA[06-02-2024T22:38:54 - [TEST_CASE][PASSED] - Test Cases/TC_Amazon_Validation/DDT Amazon TestCase Validation/TC_Amazon_DDT_ExternalData_Excel_002: Test Cases/TC_Amazon_Validation/DDT Amazon TestCase Validation/TC_Amazon_DDT_ExternalData_Excel_002

06-02-2024T22:38:55 - [TEST_STEP][PASSED] - openBrowser(""): Browser is opened with url: ''

06-02-2024T22:38:55 - [MESSAGE][INFO] - Starting 'Chrome' driver

06-02-2024T22:38:55 - [MESSAGE][INFO] - Action delay is set to 0 milliseconds

06-02-2024T22:38:56 - [MESSAGE][PASSED] - Browser is opened with url: ''

06-02-2024T22:38:56 - [TEST_STEP][PASSED] - navigateToUrl("https://www.amazon.com/"): Navigate to 'https://www.amazon.com/' successfully

06-02-2024T22:38:58 - [MESSAGE][PASSED] - Navigate to 'https://www.amazon.com/' successfully

06-02-2024T22:38:58 - [TEST_STEP][PASSED] - selectOptionByLabel(findTestObject("Object Repository/DDT_Amazon_TestCaseValidation_OR/Amazon_DDT_ExternalData_OR/select_All Departments        Arts  Crafts _135c92"), category, true): All options with label 'Books' are selected in object 'Object Repository/DDT_Amazon_TestCaseValidation_OR/Amazon_DDT_ExternalData_OR/select_All Departments        Arts  Crafts _135c92'  using regular expression

06-02-2024T22:39:12 - [MESSAGE][PASSED] - All options with label 'Books' are selected in object 'Object Repository/DDT_Amazon_TestCaseValidation_OR/Amazon_DDT_ExternalData_OR/select_All Departments        Arts  Crafts _135c92'  using regular expression

06-02-2024T22:39:12 - [TEST_STEP][PASSED] - setText(findTestObject("Object Repository/DDT_Amazon_TestCaseValidation_OR/Amazon_DDT_ExternalData_OR/input_field-keywords"), item): Text 'Da vinci code' is set on object 'Object Repository/DDT_Amazon_TestCaseValidation_OR/Amazon_DDT_ExternalData_OR/input_field-keywords'

06-02-2024T22:39:12 - [MESSAGE][PASSED] - Text 'Da vinci code' is set on object 'Object Repository/DDT_Amazon_TestCaseValidation_OR/Amazon_DDT_ExternalData_OR/input_field-keywords'

06-02-2024T22:39:12 - [TEST_STEP][PASSED] - click(findTestObject("Object Repository/DDT_Amazon_TestCaseValidation_OR/Amazon_DDT_ExternalData_OR/inputnav-search-submit-button")): Object: 'Object Repository/DDT_Amazon_TestCaseValidation_OR/Amazon_DDT_ExternalData_OR/inputnav-search-submit-button' is clicked on

06-02-2024T22:39:18 - [MESSAGE][PASSED] - Object: 'Object Repository/DDT_Amazon_TestCaseValidation_OR/Amazon_DDT_ExternalData_OR/inputnav-search-submit-button' is clicked on

06-02-2024T22:39:18 - [TEST_STEP][PASSED] - closeBrowser(): Browser is closed

06-02-2024T22:39:18 - [MESSAGE][PASSED] - Browser is closed]]></system-out>
         <system-err><![CDATA[]]></system-err>
      </testcase>
      <testcase name="Test Cases/TC_Amazon_Validation/DDT Amazon TestCase Validation/TC_Amazon_DDT_ExternalData_Excel_002" time="22.792" classname="Test Cases/TC_Amazon_Validation/DDT Amazon TestCase Validation/TC_Amazon_DDT_ExternalData_Excel_002" status="PASSED">
         <system-out><![CDATA[06-02-2024T22:39:18 - [TEST_CASE][PASSED] - Test Cases/TC_Amazon_Validation/DDT Amazon TestCase Validation/TC_Amazon_DDT_ExternalData_Excel_002: Test Cases/TC_Amazon_Validation/DDT Amazon TestCase Validation/TC_Amazon_DDT_ExternalData_Excel_002

06-02-2024T22:39:18 - [TEST_STEP][PASSED] - openBrowser(""): Browser is opened with url: ''

06-02-2024T22:39:18 - [MESSAGE][INFO] - Starting 'Chrome' driver

06-02-2024T22:39:18 - [MESSAGE][INFO] - Action delay is set to 0 milliseconds

06-02-2024T22:39:19 - [MESSAGE][PASSED] - Browser is opened with url: ''

06-02-2024T22:39:19 - [TEST_STEP][PASSED] - navigateToUrl("https://www.amazon.com/"): Navigate to 'https://www.amazon.com/' successfully

06-02-2024T22:39:21 - [MESSAGE][PASSED] - Navigate to 'https://www.amazon.com/' successfully

06-02-2024T22:39:21 - [TEST_STEP][PASSED] - selectOptionByLabel(findTestObject("Object Repository/DDT_Amazon_TestCaseValidation_OR/Amazon_DDT_ExternalData_OR/select_All Departments        Arts  Crafts _135c92"), category, true): All options with label 'Electronics' are selected in object 'Object Repository/DDT_Amazon_TestCaseValidation_OR/Amazon_DDT_ExternalData_OR/select_All Departments        Arts  Crafts _135c92'  using regular expression

06-02-2024T22:39:33 - [MESSAGE][PASSED] - All options with label 'Electronics' are selected in object 'Object Repository/DDT_Amazon_TestCaseValidation_OR/Amazon_DDT_ExternalData_OR/select_All Departments        Arts  Crafts _135c92'  using regular expression

06-02-2024T22:39:33 - [TEST_STEP][PASSED] - setText(findTestObject("Object Repository/DDT_Amazon_TestCaseValidation_OR/Amazon_DDT_ExternalData_OR/input_field-keywords"), item): Text 'mobile phones' is set on object 'Object Repository/DDT_Amazon_TestCaseValidation_OR/Amazon_DDT_ExternalData_OR/input_field-keywords'

06-02-2024T22:39:34 - [MESSAGE][PASSED] - Text 'mobile phones' is set on object 'Object Repository/DDT_Amazon_TestCaseValidation_OR/Amazon_DDT_ExternalData_OR/input_field-keywords'

06-02-2024T22:39:34 - [TEST_STEP][PASSED] - click(findTestObject("Object Repository/DDT_Amazon_TestCaseValidation_OR/Amazon_DDT_ExternalData_OR/inputnav-search-submit-button")): Object: 'Object Repository/DDT_Amazon_TestCaseValidation_OR/Amazon_DDT_ExternalData_OR/inputnav-search-submit-button' is clicked on

06-02-2024T22:39:41 - [MESSAGE][PASSED] - Object: 'Object Repository/DDT_Amazon_TestCaseValidation_OR/Amazon_DDT_ExternalData_OR/inputnav-search-submit-button' is clicked on

06-02-2024T22:39:41 - [TEST_STEP][PASSED] - closeBrowser(): Browser is closed

06-02-2024T22:39:41 - [MESSAGE][PASSED] - Browser is closed]]></system-out>
         <system-err><![CDATA[]]></system-err>
      </testcase>
      <testcase name="Test Cases/TC_Amazon_Validation/DDT Amazon TestCase Validation/TC_Amazon_DDT_ExternalData_Excel_002" time="23.117" classname="Test Cases/TC_Amazon_Validation/DDT Amazon TestCase Validation/TC_Amazon_DDT_ExternalData_Excel_002" status="PASSED">
         <system-out><![CDATA[06-02-2024T22:39:41 - [TEST_CASE][PASSED] - Test Cases/TC_Amazon_Validation/DDT Amazon TestCase Validation/TC_Amazon_DDT_ExternalData_Excel_002: Test Cases/TC_Amazon_Validation/DDT Amazon TestCase Validation/TC_Amazon_DDT_ExternalData_Excel_002

06-02-2024T22:39:41 - [TEST_STEP][PASSED] - openBrowser(""): Browser is opened with url: ''

06-02-2024T22:39:41 - [MESSAGE][INFO] - Starting 'Chrome' driver

06-02-2024T22:39:41 - [MESSAGE][INFO] - Action delay is set to 0 milliseconds

06-02-2024T22:39:42 - [MESSAGE][PASSED] - Browser is opened with url: ''

06-02-2024T22:39:42 - [TEST_STEP][PASSED] - navigateToUrl("https://www.amazon.com/"): Navigate to 'https://www.amazon.com/' successfully

06-02-2024T22:39:44 - [MESSAGE][PASSED] - Navigate to 'https://www.amazon.com/' successfully

06-02-2024T22:39:44 - [TEST_STEP][PASSED] - selectOptionByLabel(findTestObject("Object Repository/DDT_Amazon_TestCaseValidation_OR/Amazon_DDT_ExternalData_OR/select_All Departments        Arts  Crafts _135c92"), category, true): All options with label 'Baby' are selected in object 'Object Repository/DDT_Amazon_TestCaseValidation_OR/Amazon_DDT_ExternalData_OR/select_All Departments        Arts  Crafts _135c92'  using regular expression

06-02-2024T22:39:56 - [MESSAGE][PASSED] - All options with label 'Baby' are selected in object 'Object Repository/DDT_Amazon_TestCaseValidation_OR/Amazon_DDT_ExternalData_OR/select_All Departments        Arts  Crafts _135c92'  using regular expression

06-02-2024T22:39:56 - [TEST_STEP][PASSED] - setText(findTestObject("Object Repository/DDT_Amazon_TestCaseValidation_OR/Amazon_DDT_ExternalData_OR/input_field-keywords"), item): Text 'cars race track' is set on object 'Object Repository/DDT_Amazon_TestCaseValidation_OR/Amazon_DDT_ExternalData_OR/input_field-keywords'

06-02-2024T22:39:57 - [MESSAGE][PASSED] - Text 'cars race track' is set on object 'Object Repository/DDT_Amazon_TestCaseValidation_OR/Amazon_DDT_ExternalData_OR/input_field-keywords'

06-02-2024T22:39:57 - [TEST_STEP][PASSED] - click(findTestObject("Object Repository/DDT_Amazon_TestCaseValidation_OR/Amazon_DDT_ExternalData_OR/inputnav-search-submit-button")): Object: 'Object Repository/DDT_Amazon_TestCaseValidation_OR/Amazon_DDT_ExternalData_OR/inputnav-search-submit-button' is clicked on

06-02-2024T22:40:04 - [MESSAGE][PASSED] - Object: 'Object Repository/DDT_Amazon_TestCaseValidation_OR/Amazon_DDT_ExternalData_OR/inputnav-search-submit-button' is clicked on

06-02-2024T22:40:04 - [TEST_STEP][PASSED] - closeBrowser(): Browser is closed

06-02-2024T22:40:04 - [MESSAGE][PASSED] - Browser is closed]]></system-out>
         <system-err><![CDATA[]]></system-err>
      </testcase>
      <testcase name="Test Cases/TC_Amazon_Validation/DDT Amazon TestCase Validation/TC_Amazon_DDT_ExternalData_Excel_002" time="29.923" classname="Test Cases/TC_Amazon_Validation/DDT Amazon TestCase Validation/TC_Amazon_DDT_ExternalData_Excel_002" status="PASSED">
         <system-out><![CDATA[06-02-2024T22:40:04 - [TEST_CASE][PASSED] - Test Cases/TC_Amazon_Validation/DDT Amazon TestCase Validation/TC_Amazon_DDT_ExternalData_Excel_002: Test Cases/TC_Amazon_Validation/DDT Amazon TestCase Validation/TC_Amazon_DDT_ExternalData_Excel_002

06-02-2024T22:40:04 - [TEST_STEP][PASSED] - openBrowser(""): Browser is opened with url: ''

06-02-2024T22:40:04 - [MESSAGE][INFO] - Starting 'Chrome' driver

06-02-2024T22:40:04 - [MESSAGE][INFO] - Action delay is set to 0 milliseconds

06-02-2024T22:40:05 - [MESSAGE][PASSED] - Browser is opened with url: ''

06-02-2024T22:40:05 - [TEST_STEP][PASSED] - navigateToUrl("https://www.amazon.com/"): Navigate to 'https://www.amazon.com/' successfully

06-02-2024T22:40:08 - [MESSAGE][PASSED] - Navigate to 'https://www.amazon.com/' successfully

06-02-2024T22:40:08 - [TEST_STEP][PASSED] - selectOptionByLabel(findTestObject("Object Repository/DDT_Amazon_TestCaseValidation_OR/Amazon_DDT_ExternalData_OR/select_All Departments        Arts  Crafts _135c92"), category, true): All options with label 'Computers' are selected in object 'Object Repository/DDT_Amazon_TestCaseValidation_OR/Amazon_DDT_ExternalData_OR/select_All Departments        Arts  Crafts _135c92'  using regular expression

06-02-2024T22:40:25 - [MESSAGE][PASSED] - All options with label 'Computers' are selected in object 'Object Repository/DDT_Amazon_TestCaseValidation_OR/Amazon_DDT_ExternalData_OR/select_All Departments        Arts  Crafts _135c92'  using regular expression

06-02-2024T22:40:25 - [TEST_STEP][PASSED] - setText(findTestObject("Object Repository/DDT_Amazon_TestCaseValidation_OR/Amazon_DDT_ExternalData_OR/input_field-keywords"), item): Text 'lenovo desktop' is set on object 'Object Repository/DDT_Amazon_TestCaseValidation_OR/Amazon_DDT_ExternalData_OR/input_field-keywords'

06-02-2024T22:40:26 - [MESSAGE][PASSED] - Text 'lenovo desktop' is set on object 'Object Repository/DDT_Amazon_TestCaseValidation_OR/Amazon_DDT_ExternalData_OR/input_field-keywords'

06-02-2024T22:40:26 - [TEST_STEP][PASSED] - click(findTestObject("Object Repository/DDT_Amazon_TestCaseValidation_OR/Amazon_DDT_ExternalData_OR/inputnav-search-submit-button")): Object: 'Object Repository/DDT_Amazon_TestCaseValidation_OR/Amazon_DDT_ExternalData_OR/inputnav-search-submit-button' is clicked on

06-02-2024T22:40:34 - [MESSAGE][PASSED] - Object: 'Object Repository/DDT_Amazon_TestCaseValidation_OR/Amazon_DDT_ExternalData_OR/inputnav-search-submit-button' is clicked on

06-02-2024T22:40:34 - [TEST_STEP][PASSED] - closeBrowser(): Browser is closed

06-02-2024T22:40:34 - [MESSAGE][PASSED] - Browser is closed]]></system-out>
         <system-err><![CDATA[]]></system-err>
      </testcase>
      <testcase name="Test Cases/TC_Amazon_Validation/DDT Amazon TestCase Validation/TC_Amazon_DDT_ExternalData_Excel_002" time="23.217" classname="Test Cases/TC_Amazon_Validation/DDT Amazon TestCase Validation/TC_Amazon_DDT_ExternalData_Excel_002" status="PASSED">
         <system-out><![CDATA[06-02-2024T22:40:34 - [TEST_CASE][PASSED] - Test Cases/TC_Amazon_Validation/DDT Amazon TestCase Validation/TC_Amazon_DDT_ExternalData_Excel_002: Test Cases/TC_Amazon_Validation/DDT Amazon TestCase Validation/TC_Amazon_DDT_ExternalData_Excel_002

06-02-2024T22:40:34 - [TEST_STEP][PASSED] - openBrowser(""): Browser is opened with url: ''

06-02-2024T22:40:34 - [MESSAGE][INFO] - Starting 'Chrome' driver

06-02-2024T22:40:34 - [MESSAGE][INFO] - Action delay is set to 0 milliseconds

06-02-2024T22:40:35 - [MESSAGE][PASSED] - Browser is opened with url: ''

06-02-2024T22:40:35 - [TEST_STEP][PASSED] - navigateToUrl("https://www.amazon.com/"): Navigate to 'https://www.amazon.com/' successfully

06-02-2024T22:40:37 - [MESSAGE][PASSED] - Navigate to 'https://www.amazon.com/' successfully

06-02-2024T22:40:37 - [TEST_STEP][PASSED] - selectOptionByLabel(findTestObject("Object Repository/DDT_Amazon_TestCaseValidation_OR/Amazon_DDT_ExternalData_OR/select_All Departments        Arts  Crafts _135c92"), category, true): All options with label 'Luggage' are selected in object 'Object Repository/DDT_Amazon_TestCaseValidation_OR/Amazon_DDT_ExternalData_OR/select_All Departments        Arts  Crafts _135c92'  using regular expression

06-02-2024T22:40:47 - [MESSAGE][PASSED] - All options with label 'Luggage' are selected in object 'Object Repository/DDT_Amazon_TestCaseValidation_OR/Amazon_DDT_ExternalData_OR/select_All Departments        Arts  Crafts _135c92'  using regular expression

06-02-2024T22:40:47 - [TEST_STEP][PASSED] - setText(findTestObject("Object Repository/DDT_Amazon_TestCaseValidation_OR/Amazon_DDT_ExternalData_OR/input_field-keywords"), item): Text 'suitcase support for truck' is set on object 'Object Repository/DDT_Amazon_TestCaseValidation_OR/Amazon_DDT_ExternalData_OR/input_field-keywords'

06-02-2024T22:40:48 - [MESSAGE][PASSED] - Text 'suitcase support for truck' is set on object 'Object Repository/DDT_Amazon_TestCaseValidation_OR/Amazon_DDT_ExternalData_OR/input_field-keywords'

06-02-2024T22:40:48 - [TEST_STEP][PASSED] - click(findTestObject("Object Repository/DDT_Amazon_TestCaseValidation_OR/Amazon_DDT_ExternalData_OR/inputnav-search-submit-button")): Object: 'Object Repository/DDT_Amazon_TestCaseValidation_OR/Amazon_DDT_ExternalData_OR/inputnav-search-submit-button' is clicked on

06-02-2024T22:40:57 - [MESSAGE][PASSED] - Object: 'Object Repository/DDT_Amazon_TestCaseValidation_OR/Amazon_DDT_ExternalData_OR/inputnav-search-submit-button' is clicked on

06-02-2024T22:40:57 - [TEST_STEP][PASSED] - closeBrowser(): Browser is closed

06-02-2024T22:40:58 - [MESSAGE][PASSED] - Browser is closed]]></system-out>
         <system-err><![CDATA[]]></system-err>
      </testcase>
      <system-out><![CDATA[06-02-2024T22:38:54 - [TEST_SUITE][PASSED] - Amazon_DDT_TestSuite_ExternalData_Excel_002: Test Cases/TC_Amazon_Validation/DDT Amazon TestCase Validation/TC_Amazon_DDT_ExternalData_Excel_002]]></system-out>
      <system-err><![CDATA[]]></system-err>
   </testsuite>
</testsuites>
