<?xml version="1.0" encoding="UTF-8"?>
<testsuites name="Amazon_Test Suite_LocalVariables_001" time="19.588" tests="1" failures="0" errors="0">
   <testsuite name="Amazon_Test Suite_LocalVariables_001" tests="1" failures="0" errors="0" time="19.588" skipped="0" timestamp="05-02-2024T23:22:53" hostname="RS - DESKTOP-3NI4M05" id="Test Suites/Amazon_ALL_TestSuites/Amazon_Local and Global Variables_TestSuiteValidation/Amazon_Test Suite_LocalVariables_001">
      <properties>
         <property name="deviceName" value=""/>
         <property name="devicePlatform" value=""/>
         <property name="logFolder" value="C:\\Users\\RS\\Katalon Studio\\My First Web UI Project\\AMAZON SOFTWARE TEST AUTOMATION\\Reports\\20240205_232246\\Amazon_ALL_TestSuites\\Amazon_Local and Global Variables_TestSuiteValidation\\Amazon_Test Suite_LocalVariables_001\\20240205_232246"/>
         <property name="logFiles" value="C:\\Users\\RS\\Katalon Studio\\My First Web UI Project\\AMAZON SOFTWARE TEST AUTOMATION\\Reports\\20240205_232246\\Amazon_ALL_TestSuites\\Amazon_Local and Global Variables_TestSuiteValidation\\Amazon_Test Suite_LocalVariables_001\\20240205_232246\\execution0.log"/>
         <property name="attachments" value=""/>
         <property name="hostName" value="RS - DESKTOP-3NI4M05"/>
         <property name="os" value="Windows 10 64bit"/>
         <property name="katalonVersion" value="9.3.0.212"/>
         <property name="browser" value="Chrome 121.0.0.0"/>
         <property name="hostAddress" value="192.168.5.7"/>
         <property name="sessionId" value="425045b9676b489b11bff32f87748c61"/>
         <property name="seleniumVersion" value="3.141.59"/>
         <property name="proxyInformation" value="ProxyInformation { proxyOption=NO_PROXY, proxyServerType=HTTP, username=, password=********, proxyServerAddress=, proxyServerPort=0, executionList=&quot;&quot;, isApplyToDesiredCapabilities=true }"/>
         <property name="platform" value="Windows 10"/>
      </properties>
      <testcase name="Test Cases/TC_Amazon_Validation/Amazon Local and Global Variables/TC_Amazon_LocalVariables_001" time="19.399" classname="Test Cases/TC_Amazon_Validation/Amazon Local and Global Variables/TC_Amazon_LocalVariables_001" status="PASSED">
         <system-out><![CDATA[05-02-2024T23:22:53 - [TEST_CASE][PASSED] - Test Cases/TC_Amazon_Validation/Amazon Local and Global Variables/TC_Amazon_LocalVariables_001: Test Cases/TC_Amazon_Validation/Amazon Local and Global Variables/TC_Amazon_LocalVariables_001

05-02-2024T23:22:53 - [TEST_STEP][PASSED] - openBrowser(""): Browser is opened with url: ''

05-02-2024T23:22:54 - [MESSAGE][INFO] - Starting 'Chrome' driver

05-02-2024T23:22:54 - [MESSAGE][INFO] - Action delay is set to 0 milliseconds

05-02-2024T23:22:55 - [MESSAGE][PASSED] - Browser is opened with url: ''

05-02-2024T23:22:55 - [TEST_STEP][PASSED] - navigateToUrl("https://www.amazon.com/"): Navigate to 'https://www.amazon.com/' successfully

05-02-2024T23:22:57 - [MESSAGE][PASSED] - Navigate to 'https://www.amazon.com/' successfully

05-02-2024T23:22:57 - [TEST_STEP][PASSED] - click(findTestObject("Object Repository/Amazon_Local and Global Variables_OR/Amazon_LocalVariables_OR/span_Account  Lists")): Object: 'Object Repository/Amazon_Local and Global Variables_OR/Amazon_LocalVariables_OR/span_Account  Lists' is clicked on

05-02-2024T23:23:08 - [MESSAGE][PASSED] - Object: 'Object Repository/Amazon_Local and Global Variables_OR/Amazon_LocalVariables_OR/span_Account  Lists' is clicked on

05-02-2024T23:23:08 - [TEST_STEP][PASSED] - setText(findTestObject("Object Repository/Amazon_Local and Global Variables_OR/Amazon_LocalVariables_OR/input_Email or mobile phone number_email"), Email): Text 'sagarkumarmolli@gmail.com' is set on object 'Object Repository/Amazon_Local and Global Variables_OR/Amazon_LocalVariables_OR/input_Email or mobile phone number_email'

05-02-2024T23:23:09 - [MESSAGE][PASSED] - Text 'sagarkumarmolli@gmail.com' is set on object 'Object Repository/Amazon_Local and Global Variables_OR/Amazon_LocalVariables_OR/input_Email or mobile phone number_email'

05-02-2024T23:23:09 - [TEST_STEP][PASSED] - click(findTestObject("Object Repository/Amazon_Local and Global Variables_OR/Amazon_LocalVariables_OR/input_Enter your email or mobile phone numb_fc7402")): Object: 'Object Repository/Amazon_Local and Global Variables_OR/Amazon_LocalVariables_OR/input_Enter your email or mobile phone numb_fc7402' is clicked on

05-02-2024T23:23:10 - [MESSAGE][PASSED] - Object: 'Object Repository/Amazon_Local and Global Variables_OR/Amazon_LocalVariables_OR/input_Enter your email or mobile phone numb_fc7402' is clicked on

05-02-2024T23:23:10 - [TEST_STEP][PASSED] - setText(findTestObject("Object Repository/Amazon_Local and Global Variables_OR/Amazon_LocalVariables_OR/input_Forgot your password_password"), password): Text 'Sagar123@' is set on object 'Object Repository/Amazon_Local and Global Variables_OR/Amazon_LocalVariables_OR/input_Forgot your password_password'

05-02-2024T23:23:12 - [MESSAGE][PASSED] - Text 'Sagar123@' is set on object 'Object Repository/Amazon_Local and Global Variables_OR/Amazon_LocalVariables_OR/input_Forgot your password_password'

05-02-2024T23:23:12 - [TEST_STEP][PASSED] - click(findTestObject("Object Repository/Amazon_Local and Global Variables_OR/Amazon_LocalVariables_OR/input_Enter your password_signInSubmit")): Object: 'Object Repository/Amazon_Local and Global Variables_OR/Amazon_LocalVariables_OR/input_Enter your password_signInSubmit' is clicked on

05-02-2024T23:23:12 - [MESSAGE][PASSED] - Object: 'Object Repository/Amazon_Local and Global Variables_OR/Amazon_LocalVariables_OR/input_Enter your password_signInSubmit' is clicked on

05-02-2024T23:23:12 - [TEST_STEP][PASSED] - closeBrowser(): Browser is closed

05-02-2024T23:23:12 - [MESSAGE][PASSED] - Browser is closed]]></system-out>
         <system-err><![CDATA[]]></system-err>
      </testcase>
      <system-out><![CDATA[05-02-2024T23:22:53 - [TEST_SUITE][PASSED] - Amazon_Test Suite_LocalVariables_001: Test Cases/TC_Amazon_Validation/Amazon Local and Global Variables/TC_Amazon_LocalVariables_001]]></system-out>
      <system-err><![CDATA[]]></system-err>
   </testsuite>
</testsuites>
