<?xml version="1.0" encoding="UTF-8"?>
<testsuites name="Amazon_TestSuite_ValidateSearchFieldItem_002" time="24.992" tests="1" failures="0" errors="0">
   <testsuite name="Amazon_TestSuite_ValidateSearchFieldItem_002" tests="1" failures="0" errors="0" time="24.992" skipped="0" timestamp="02-02-2024T19:14:20" hostname="RS - DESKTOP-3NI4M05" id="Test Suites/Amazon_TestSuite/Amazon_TestSuite_ValidateSearchFieldItem_002">
      <properties>
         <property name="deviceName" value=""/>
         <property name="devicePlatform" value=""/>
         <property name="logFolder" value="C:\\Users\\RS\\Katalon Studio\\My First Web UI Project\\AMAZON SOFTWARE TEST AUTOMATION\\Reports\\20240202_191413\\Amazon_TestSuite\\Amazon_TestSuite_ValidateSearchFieldItem_002\\20240202_191413"/>
         <property name="logFiles" value="C:\\Users\\RS\\Katalon Studio\\My First Web UI Project\\AMAZON SOFTWARE TEST AUTOMATION\\Reports\\20240202_191413\\Amazon_TestSuite\\Amazon_TestSuite_ValidateSearchFieldItem_002\\20240202_191413\\execution0.log"/>
         <property name="attachments" value=""/>
         <property name="hostName" value="RS - DESKTOP-3NI4M05"/>
         <property name="os" value="Windows 10 64bit"/>
         <property name="katalonVersion" value="9.1.0.212"/>
         <property name="browser" value="Chrome 121.0.0.0"/>
         <property name="hostAddress" value="192.168.5.7"/>
         <property name="sessionId" value="ce68cbaa1dae65da21f27adda95b811e"/>
         <property name="seleniumVersion" value="3.141.59"/>
         <property name="proxyInformation" value="ProxyInformation { proxyOption=NO_PROXY, proxyServerType=HTTP, username=, password=********, proxyServerAddress=, proxyServerPort=0, executionList=&quot;&quot;, isApplyToDesiredCapabilities=true }"/>
         <property name="platform" value="Windows 10"/>
      </properties>
      <testcase name="Test Cases/TC_Amazon_ValidateSearchFieldItem_002" time="24.791" classname="Test Cases/TC_Amazon_ValidateSearchFieldItem_002" status="PASSED">
         <system-out><![CDATA[02-02-2024T19:14:20 - [TEST_CASE][PASSED] - Test Cases/TC_Amazon_ValidateSearchFieldItem_002: Test Cases/TC_Amazon_ValidateSearchFieldItem_002

02-02-2024T19:14:20 - [TEST_STEP][PASSED] - openBrowser(""): Browser is opened with url: ''

02-02-2024T19:14:21 - [MESSAGE][INFO] - Starting 'Chrome' driver

02-02-2024T19:14:21 - [MESSAGE][INFO] - Action delay is set to 0 milliseconds

02-02-2024T19:14:22 - [MESSAGE][PASSED] - Browser is opened with url: ''

02-02-2024T19:14:22 - [TEST_STEP][PASSED] - navigateToUrl("https://www.amazon.com/"): Navigate to 'https://www.amazon.com/' successfully

02-02-2024T19:14:24 - [MESSAGE][PASSED] - Navigate to 'https://www.amazon.com/' successfully

02-02-2024T19:14:24 - [TEST_STEP][PASSED] - selectOptionByValue(findTestObject("Object Repository/AmazonPages/Amazon_ValidateSearchFeildItem_OR/select_All Departments        Arts  Crafts _135c92"), "search-alias=stripbooks-intl-ship", true): All options with value 'search-alias=stripbooks-intl-ship' are selected in object 'Object Repository/AmazonPages/Amazon_ValidateSearchFeildItem_OR/select_All Departments        Arts  Crafts _135c92'  using regular expression

02-02-2024T19:14:36 - [MESSAGE][PASSED] - All options with value 'search-alias=stripbooks-intl-ship' are selected in object 'Object Repository/AmazonPages/Amazon_ValidateSearchFeildItem_OR/select_All Departments        Arts  Crafts _135c92'  using regular expression

02-02-2024T19:14:36 - [TEST_STEP][PASSED] - setText(findTestObject("Object Repository/AmazonPages/Amazon_ValidateSearchFeildItem_OR/input_field-keywords"), "Da vinci code"): Text 'Da vinci code' is set on object 'Object Repository/AmazonPages/Amazon_ValidateSearchFeildItem_OR/input_field-keywords'

02-02-2024T19:14:37 - [MESSAGE][PASSED] - Text 'Da vinci code' is set on object 'Object Repository/AmazonPages/Amazon_ValidateSearchFeildItem_OR/input_field-keywords'

02-02-2024T19:14:37 - [TEST_STEP][PASSED] - click(findTestObject("Object Repository/AmazonPages/Amazon_ValidateSearchFeildItem_OR/inputnav-search-submit-button")): Object: 'Object Repository/AmazonPages/Amazon_ValidateSearchFeildItem_OR/inputnav-search-submit-button' is clicked on

02-02-2024T19:14:45 - [MESSAGE][PASSED] - Object: 'Object Repository/AmazonPages/Amazon_ValidateSearchFeildItem_OR/inputnav-search-submit-button' is clicked on

02-02-2024T19:14:45 - [TEST_STEP][PASSED] - closeBrowser(): Browser is closed

02-02-2024T19:14:45 - [MESSAGE][PASSED] - Browser is closed]]></system-out>
         <system-err><![CDATA[]]></system-err>
      </testcase>
      <system-out><![CDATA[02-02-2024T19:14:20 - [TEST_SUITE][PASSED] - Amazon_TestSuite_ValidateSearchFieldItem_002: Test Cases/TC_Amazon_ValidateSearchFieldItem_002]]></system-out>
      <system-err><![CDATA[]]></system-err>
   </testsuite>
</testsuites>
