<?xml version="1.0" encoding="UTF-8"?>
<testsuites name="Amazon_DDT_TestSuite_ExternalData_Excel_002" time="102.473" tests="5" failures="0" errors="0">
   <testsuite name="Amazon_DDT_TestSuite_ExternalData_Excel_002" tests="5" failures="0" errors="0" time="102.473" skipped="0" timestamp="03-02-2024T21:52:33" hostname="RS - DESKTOP-3NI4M05" id="Test Suites/DDT_Amazon_TestSuiteValidation/Amazon_DDT_TestSuite_ExternalData_Excel_002">
      <properties>
         <property name="deviceName" value=""/>
         <property name="devicePlatform" value=""/>
         <property name="logFolder" value="C:\\Users\\RS\\Katalon Studio\\My First Web UI Project\\AMAZON SOFTWARE TEST AUTOMATION\\Reports\\20240203_215226\\DDT_Amazon_TestSuiteValidation\\Amazon_DDT_TestSuite_ExternalData_Excel_002\\20240203_215226"/>
         <property name="logFiles" value="C:\\Users\\RS\\Katalon Studio\\My First Web UI Project\\AMAZON SOFTWARE TEST AUTOMATION\\Reports\\20240203_215226\\DDT_Amazon_TestSuiteValidation\\Amazon_DDT_TestSuite_ExternalData_Excel_002\\20240203_215226\\execution0.log"/>
         <property name="attachments" value=""/>
         <property name="hostName" value="RS - DESKTOP-3NI4M05"/>
         <property name="os" value="Windows 10 64bit"/>
         <property name="katalonVersion" value="9.1.0.212"/>
         <property name="browser" value="Chrome 121.0.0.0"/>
         <property name="hostAddress" value="192.168.5.7"/>
         <property name="sessionId" value="8c2389c31135adde180d4a7f45368144"/>
         <property name="seleniumVersion" value="3.141.59"/>
         <property name="proxyInformation" value="ProxyInformation { proxyOption=NO_PROXY, proxyServerType=HTTP, username=, password=********, proxyServerAddress=, proxyServerPort=0, executionList=&quot;&quot;, isApplyToDesiredCapabilities=true }"/>
         <property name="platform" value="Windows 10"/>
      </properties>
      <testcase name="Test Cases/TC_Amazon_Validation/DDT Amazon TestCase Validation/TC_Amazon_DDT_ExternalData_Excel_002" time="21.403" classname="Test Cases/TC_Amazon_Validation/DDT Amazon TestCase Validation/TC_Amazon_DDT_ExternalData_Excel_002" status="PASSED">
         <system-out><![CDATA[03-02-2024T21:52:33 - [TEST_CASE][PASSED] - Test Cases/TC_Amazon_Validation/DDT Amazon TestCase Validation/TC_Amazon_DDT_ExternalData_Excel_002: Test Cases/TC_Amazon_Validation/DDT Amazon TestCase Validation/TC_Amazon_DDT_ExternalData_Excel_002

03-02-2024T21:52:33 - [TEST_STEP][PASSED] - openBrowser(""): Browser is opened with url: ''

03-02-2024T21:52:33 - [MESSAGE][INFO] - Starting 'Chrome' driver

03-02-2024T21:52:33 - [MESSAGE][INFO] - Action delay is set to 0 milliseconds

03-02-2024T21:52:35 - [MESSAGE][PASSED] - Browser is opened with url: ''

03-02-2024T21:52:35 - [TEST_STEP][PASSED] - navigateToUrl("https://www.amazon.com/"): Navigate to 'https://www.amazon.com/' successfully

03-02-2024T21:52:36 - [MESSAGE][PASSED] - Navigate to 'https://www.amazon.com/' successfully

03-02-2024T21:52:36 - [TEST_STEP][PASSED] - selectOptionByLabel(findTestObject("Object Repository/DDT_Amazon_TestCaseValidation_OR/Amazon_DDT_ExternalData_OR/select_All Departments        Arts  Crafts _135c92"), category, true): All options with label 'Books' are selected in object 'Object Repository/DDT_Amazon_TestCaseValidation_OR/Amazon_DDT_ExternalData_OR/select_All Departments        Arts  Crafts _135c92'  using regular expression

03-02-2024T21:52:48 - [MESSAGE][PASSED] - All options with label 'Books' are selected in object 'Object Repository/DDT_Amazon_TestCaseValidation_OR/Amazon_DDT_ExternalData_OR/select_All Departments        Arts  Crafts _135c92'  using regular expression

03-02-2024T21:52:48 - [TEST_STEP][PASSED] - setText(findTestObject("Object Repository/DDT_Amazon_TestCaseValidation_OR/Amazon_DDT_ExternalData_OR/input_field-keywords"), item): Text 'Da vinci code' is set on object 'Object Repository/DDT_Amazon_TestCaseValidation_OR/Amazon_DDT_ExternalData_OR/input_field-keywords'

03-02-2024T21:52:49 - [MESSAGE][PASSED] - Text 'Da vinci code' is set on object 'Object Repository/DDT_Amazon_TestCaseValidation_OR/Amazon_DDT_ExternalData_OR/input_field-keywords'

03-02-2024T21:52:49 - [TEST_STEP][PASSED] - click(findTestObject("Object Repository/DDT_Amazon_TestCaseValidation_OR/Amazon_DDT_ExternalData_OR/inputnav-search-submit-button")): Object: 'Object Repository/DDT_Amazon_TestCaseValidation_OR/Amazon_DDT_ExternalData_OR/inputnav-search-submit-button' is clicked on

03-02-2024T21:52:54 - [MESSAGE][PASSED] - Object: 'Object Repository/DDT_Amazon_TestCaseValidation_OR/Amazon_DDT_ExternalData_OR/inputnav-search-submit-button' is clicked on

03-02-2024T21:52:54 - [TEST_STEP][PASSED] - closeBrowser(): Browser is closed

03-02-2024T21:52:54 - [MESSAGE][PASSED] - Browser is closed]]></system-out>
         <system-err><![CDATA[]]></system-err>
      </testcase>
      <testcase name="Test Cases/TC_Amazon_Validation/DDT Amazon TestCase Validation/TC_Amazon_DDT_ExternalData_Excel_002" time="15.39" classname="Test Cases/TC_Amazon_Validation/DDT Amazon TestCase Validation/TC_Amazon_DDT_ExternalData_Excel_002" status="PASSED">
         <system-out><![CDATA[03-02-2024T21:52:54 - [TEST_CASE][PASSED] - Test Cases/TC_Amazon_Validation/DDT Amazon TestCase Validation/TC_Amazon_DDT_ExternalData_Excel_002: Test Cases/TC_Amazon_Validation/DDT Amazon TestCase Validation/TC_Amazon_DDT_ExternalData_Excel_002

03-02-2024T21:52:54 - [TEST_STEP][PASSED] - openBrowser(""): Browser is opened with url: ''

03-02-2024T21:52:54 - [MESSAGE][INFO] - Starting 'Chrome' driver

03-02-2024T21:52:54 - [MESSAGE][INFO] - Action delay is set to 0 milliseconds

03-02-2024T21:52:55 - [MESSAGE][PASSED] - Browser is opened with url: ''

03-02-2024T21:52:55 - [TEST_STEP][PASSED] - navigateToUrl("https://www.amazon.com/"): Navigate to 'https://www.amazon.com/' successfully

03-02-2024T21:52:57 - [MESSAGE][PASSED] - Navigate to 'https://www.amazon.com/' successfully

03-02-2024T21:52:57 - [TEST_STEP][PASSED] - selectOptionByLabel(findTestObject("Object Repository/DDT_Amazon_TestCaseValidation_OR/Amazon_DDT_ExternalData_OR/select_All Departments        Arts  Crafts _135c92"), category, true): All options with label 'Electronics' are selected in object 'Object Repository/DDT_Amazon_TestCaseValidation_OR/Amazon_DDT_ExternalData_OR/select_All Departments        Arts  Crafts _135c92'  using regular expression

03-02-2024T21:53:00 - [MESSAGE][PASSED] - All options with label 'Electronics' are selected in object 'Object Repository/DDT_Amazon_TestCaseValidation_OR/Amazon_DDT_ExternalData_OR/select_All Departments        Arts  Crafts _135c92'  using regular expression

03-02-2024T21:53:00 - [TEST_STEP][PASSED] - setText(findTestObject("Object Repository/DDT_Amazon_TestCaseValidation_OR/Amazon_DDT_ExternalData_OR/input_field-keywords"), item): Text 'mobile phones' is set on object 'Object Repository/DDT_Amazon_TestCaseValidation_OR/Amazon_DDT_ExternalData_OR/input_field-keywords'

03-02-2024T21:53:01 - [MESSAGE][PASSED] - Text 'mobile phones' is set on object 'Object Repository/DDT_Amazon_TestCaseValidation_OR/Amazon_DDT_ExternalData_OR/input_field-keywords'

03-02-2024T21:53:01 - [TEST_STEP][PASSED] - click(findTestObject("Object Repository/DDT_Amazon_TestCaseValidation_OR/Amazon_DDT_ExternalData_OR/inputnav-search-submit-button")): Object: 'Object Repository/DDT_Amazon_TestCaseValidation_OR/Amazon_DDT_ExternalData_OR/inputnav-search-submit-button' is clicked on

03-02-2024T21:53:09 - [MESSAGE][PASSED] - Object: 'Object Repository/DDT_Amazon_TestCaseValidation_OR/Amazon_DDT_ExternalData_OR/inputnav-search-submit-button' is clicked on

03-02-2024T21:53:09 - [TEST_STEP][PASSED] - closeBrowser(): Browser is closed

03-02-2024T21:53:10 - [MESSAGE][PASSED] - Browser is closed]]></system-out>
         <system-err><![CDATA[]]></system-err>
      </testcase>
      <testcase name="Test Cases/TC_Amazon_Validation/DDT Amazon TestCase Validation/TC_Amazon_DDT_ExternalData_Excel_002" time="25.804" classname="Test Cases/TC_Amazon_Validation/DDT Amazon TestCase Validation/TC_Amazon_DDT_ExternalData_Excel_002" status="PASSED">
         <system-out><![CDATA[03-02-2024T21:53:10 - [TEST_CASE][PASSED] - Test Cases/TC_Amazon_Validation/DDT Amazon TestCase Validation/TC_Amazon_DDT_ExternalData_Excel_002: Test Cases/TC_Amazon_Validation/DDT Amazon TestCase Validation/TC_Amazon_DDT_ExternalData_Excel_002

03-02-2024T21:53:10 - [TEST_STEP][PASSED] - openBrowser(""): Browser is opened with url: ''

03-02-2024T21:53:10 - [MESSAGE][INFO] - Starting 'Chrome' driver

03-02-2024T21:53:10 - [MESSAGE][INFO] - Action delay is set to 0 milliseconds

03-02-2024T21:53:10 - [MESSAGE][PASSED] - Browser is opened with url: ''

03-02-2024T21:53:10 - [TEST_STEP][PASSED] - navigateToUrl("https://www.amazon.com/"): Navigate to 'https://www.amazon.com/' successfully

03-02-2024T21:53:12 - [MESSAGE][PASSED] - Navigate to 'https://www.amazon.com/' successfully

03-02-2024T21:53:12 - [TEST_STEP][PASSED] - selectOptionByLabel(findTestObject("Object Repository/DDT_Amazon_TestCaseValidation_OR/Amazon_DDT_ExternalData_OR/select_All Departments        Arts  Crafts _135c92"), category, true): All options with label 'Baby' are selected in object 'Object Repository/DDT_Amazon_TestCaseValidation_OR/Amazon_DDT_ExternalData_OR/select_All Departments        Arts  Crafts _135c92'  using regular expression

03-02-2024T21:53:27 - [MESSAGE][PASSED] - All options with label 'Baby' are selected in object 'Object Repository/DDT_Amazon_TestCaseValidation_OR/Amazon_DDT_ExternalData_OR/select_All Departments        Arts  Crafts _135c92'  using regular expression

03-02-2024T21:53:27 - [TEST_STEP][PASSED] - setText(findTestObject("Object Repository/DDT_Amazon_TestCaseValidation_OR/Amazon_DDT_ExternalData_OR/input_field-keywords"), item): Text 'cars race track' is set on object 'Object Repository/DDT_Amazon_TestCaseValidation_OR/Amazon_DDT_ExternalData_OR/input_field-keywords'

03-02-2024T21:53:28 - [MESSAGE][PASSED] - Text 'cars race track' is set on object 'Object Repository/DDT_Amazon_TestCaseValidation_OR/Amazon_DDT_ExternalData_OR/input_field-keywords'

03-02-2024T21:53:28 - [TEST_STEP][PASSED] - click(findTestObject("Object Repository/DDT_Amazon_TestCaseValidation_OR/Amazon_DDT_ExternalData_OR/inputnav-search-submit-button")): Object: 'Object Repository/DDT_Amazon_TestCaseValidation_OR/Amazon_DDT_ExternalData_OR/inputnav-search-submit-button' is clicked on

03-02-2024T21:53:35 - [MESSAGE][PASSED] - Object: 'Object Repository/DDT_Amazon_TestCaseValidation_OR/Amazon_DDT_ExternalData_OR/inputnav-search-submit-button' is clicked on

03-02-2024T21:53:35 - [TEST_STEP][PASSED] - closeBrowser(): Browser is closed

03-02-2024T21:53:35 - [MESSAGE][PASSED] - Browser is closed]]></system-out>
         <system-err><![CDATA[]]></system-err>
      </testcase>
      <testcase name="Test Cases/TC_Amazon_Validation/DDT Amazon TestCase Validation/TC_Amazon_DDT_ExternalData_Excel_002" time="14.095" classname="Test Cases/TC_Amazon_Validation/DDT Amazon TestCase Validation/TC_Amazon_DDT_ExternalData_Excel_002" status="PASSED">
         <system-out><![CDATA[03-02-2024T21:53:35 - [TEST_CASE][PASSED] - Test Cases/TC_Amazon_Validation/DDT Amazon TestCase Validation/TC_Amazon_DDT_ExternalData_Excel_002: Test Cases/TC_Amazon_Validation/DDT Amazon TestCase Validation/TC_Amazon_DDT_ExternalData_Excel_002

03-02-2024T21:53:35 - [TEST_STEP][PASSED] - openBrowser(""): Browser is opened with url: ''

03-02-2024T21:53:35 - [MESSAGE][INFO] - Starting 'Chrome' driver

03-02-2024T21:53:35 - [MESSAGE][INFO] - Action delay is set to 0 milliseconds

03-02-2024T21:53:36 - [MESSAGE][PASSED] - Browser is opened with url: ''

03-02-2024T21:53:36 - [TEST_STEP][PASSED] - navigateToUrl("https://www.amazon.com/"): Navigate to 'https://www.amazon.com/' successfully

03-02-2024T21:53:39 - [MESSAGE][PASSED] - Navigate to 'https://www.amazon.com/' successfully

03-02-2024T21:53:39 - [TEST_STEP][PASSED] - selectOptionByLabel(findTestObject("Object Repository/DDT_Amazon_TestCaseValidation_OR/Amazon_DDT_ExternalData_OR/select_All Departments        Arts  Crafts _135c92"), category, true): All options with label 'Computers' are selected in object 'Object Repository/DDT_Amazon_TestCaseValidation_OR/Amazon_DDT_ExternalData_OR/select_All Departments        Arts  Crafts _135c92'  using regular expression

03-02-2024T21:53:41 - [MESSAGE][PASSED] - All options with label 'Computers' are selected in object 'Object Repository/DDT_Amazon_TestCaseValidation_OR/Amazon_DDT_ExternalData_OR/select_All Departments        Arts  Crafts _135c92'  using regular expression

03-02-2024T21:53:41 - [TEST_STEP][PASSED] - setText(findTestObject("Object Repository/DDT_Amazon_TestCaseValidation_OR/Amazon_DDT_ExternalData_OR/input_field-keywords"), item): Text 'lenovo desktop' is set on object 'Object Repository/DDT_Amazon_TestCaseValidation_OR/Amazon_DDT_ExternalData_OR/input_field-keywords'

03-02-2024T21:53:42 - [MESSAGE][PASSED] - Text 'lenovo desktop' is set on object 'Object Repository/DDT_Amazon_TestCaseValidation_OR/Amazon_DDT_ExternalData_OR/input_field-keywords'

03-02-2024T21:53:42 - [TEST_STEP][PASSED] - click(findTestObject("Object Repository/DDT_Amazon_TestCaseValidation_OR/Amazon_DDT_ExternalData_OR/inputnav-search-submit-button")): Object: 'Object Repository/DDT_Amazon_TestCaseValidation_OR/Amazon_DDT_ExternalData_OR/inputnav-search-submit-button' is clicked on

03-02-2024T21:53:49 - [MESSAGE][PASSED] - Object: 'Object Repository/DDT_Amazon_TestCaseValidation_OR/Amazon_DDT_ExternalData_OR/inputnav-search-submit-button' is clicked on

03-02-2024T21:53:49 - [TEST_STEP][PASSED] - closeBrowser(): Browser is closed

03-02-2024T21:53:50 - [MESSAGE][PASSED] - Browser is closed]]></system-out>
         <system-err><![CDATA[]]></system-err>
      </testcase>
      <testcase name="Test Cases/TC_Amazon_Validation/DDT Amazon TestCase Validation/TC_Amazon_DDT_ExternalData_Excel_002" time="25.384" classname="Test Cases/TC_Amazon_Validation/DDT Amazon TestCase Validation/TC_Amazon_DDT_ExternalData_Excel_002" status="PASSED">
         <system-out><![CDATA[03-02-2024T21:53:50 - [TEST_CASE][PASSED] - Test Cases/TC_Amazon_Validation/DDT Amazon TestCase Validation/TC_Amazon_DDT_ExternalData_Excel_002: Test Cases/TC_Amazon_Validation/DDT Amazon TestCase Validation/TC_Amazon_DDT_ExternalData_Excel_002

03-02-2024T21:53:50 - [TEST_STEP][PASSED] - openBrowser(""): Browser is opened with url: ''

03-02-2024T21:53:50 - [MESSAGE][INFO] - Starting 'Chrome' driver

03-02-2024T21:53:50 - [MESSAGE][INFO] - Action delay is set to 0 milliseconds

03-02-2024T21:53:50 - [MESSAGE][PASSED] - Browser is opened with url: ''

03-02-2024T21:53:50 - [TEST_STEP][PASSED] - navigateToUrl("https://www.amazon.com/"): Navigate to 'https://www.amazon.com/' successfully

03-02-2024T21:53:52 - [MESSAGE][PASSED] - Navigate to 'https://www.amazon.com/' successfully

03-02-2024T21:53:52 - [TEST_STEP][PASSED] - selectOptionByLabel(findTestObject("Object Repository/DDT_Amazon_TestCaseValidation_OR/Amazon_DDT_ExternalData_OR/select_All Departments        Arts  Crafts _135c92"), category, true): All options with label 'Luggage' are selected in object 'Object Repository/DDT_Amazon_TestCaseValidation_OR/Amazon_DDT_ExternalData_OR/select_All Departments        Arts  Crafts _135c92'  using regular expression

03-02-2024T21:54:05 - [MESSAGE][PASSED] - All options with label 'Luggage' are selected in object 'Object Repository/DDT_Amazon_TestCaseValidation_OR/Amazon_DDT_ExternalData_OR/select_All Departments        Arts  Crafts _135c92'  using regular expression

03-02-2024T21:54:05 - [TEST_STEP][PASSED] - setText(findTestObject("Object Repository/DDT_Amazon_TestCaseValidation_OR/Amazon_DDT_ExternalData_OR/input_field-keywords"), item): Text 'suitcase support for truck' is set on object 'Object Repository/DDT_Amazon_TestCaseValidation_OR/Amazon_DDT_ExternalData_OR/input_field-keywords'

03-02-2024T21:54:06 - [MESSAGE][PASSED] - Text 'suitcase support for truck' is set on object 'Object Repository/DDT_Amazon_TestCaseValidation_OR/Amazon_DDT_ExternalData_OR/input_field-keywords'

03-02-2024T21:54:06 - [TEST_STEP][PASSED] - click(findTestObject("Object Repository/DDT_Amazon_TestCaseValidation_OR/Amazon_DDT_ExternalData_OR/inputnav-search-submit-button")): Object: 'Object Repository/DDT_Amazon_TestCaseValidation_OR/Amazon_DDT_ExternalData_OR/inputnav-search-submit-button' is clicked on

03-02-2024T21:54:15 - [MESSAGE][PASSED] - Object: 'Object Repository/DDT_Amazon_TestCaseValidation_OR/Amazon_DDT_ExternalData_OR/inputnav-search-submit-button' is clicked on

03-02-2024T21:54:15 - [TEST_STEP][PASSED] - closeBrowser(): Browser is closed

03-02-2024T21:54:15 - [MESSAGE][PASSED] - Browser is closed]]></system-out>
         <system-err><![CDATA[]]></system-err>
      </testcase>
      <system-out><![CDATA[03-02-2024T21:52:33 - [TEST_SUITE][PASSED] - Amazon_DDT_TestSuite_ExternalData_Excel_002: Test Cases/TC_Amazon_Validation/DDT Amazon TestCase Validation/TC_Amazon_DDT_ExternalData_Excel_002]]></system-out>
      <system-err><![CDATA[]]></system-err>
   </testsuite>
</testsuites>
