<?xml version="1.0" encoding="UTF-8"?>
<testsuites name="Amazon_DDT_TestSuite_ExternalData_Excel_002" time="123.51" tests="5" failures="0" errors="0">
   <testsuite name="Amazon_DDT_TestSuite_ExternalData_Excel_002" tests="5" failures="0" errors="0" time="123.51" skipped="0" timestamp="05-02-2024T17:17:14" hostname="RS - DESKTOP-3NI4M05" id="Test Suites/Amazon_ALL_TestSuites/DDT_Amazon_TestSuiteValidation/Amazon_DDT_TestSuite_ExternalData_Excel_002">
      <properties>
         <property name="deviceName" value=""/>
         <property name="devicePlatform" value=""/>
         <property name="logFolder" value="C:\\Users\\RS\\Katalon Studio\\My First Web UI Project\\AMAZON SOFTWARE TEST AUTOMATION\\Reports\\20240205_171701\\Amazon_ALL_TestSuites\\DDT_Amazon_TestSuiteValidation\\Amazon_DDT_TestSuite_ExternalData_Excel_002\\20240205_171703"/>
         <property name="logFiles" value="C:\\Users\\RS\\Katalon Studio\\My First Web UI Project\\AMAZON SOFTWARE TEST AUTOMATION\\Reports\\20240205_171701\\Amazon_ALL_TestSuites\\DDT_Amazon_TestSuiteValidation\\Amazon_DDT_TestSuite_ExternalData_Excel_002\\20240205_171703\\execution0.log"/>
         <property name="attachments" value=""/>
         <property name="hostName" value="RS - DESKTOP-3NI4M05"/>
         <property name="os" value="Windows 10 64bit"/>
         <property name="katalonVersion" value="9.3.0.212"/>
         <property name="browser" value="Chrome 121.0.0.0"/>
         <property name="hostAddress" value="192.168.5.7"/>
         <property name="sessionId" value="41c55d7b82d5bbde94ebd02b5a875bc3"/>
         <property name="seleniumVersion" value="3.141.59"/>
         <property name="proxyInformation" value="ProxyInformation { proxyOption=NO_PROXY, proxyServerType=HTTP, username=, password=********, proxyServerAddress=, proxyServerPort=0, executionList=&quot;&quot;, isApplyToDesiredCapabilities=true }"/>
         <property name="platform" value="Windows 10"/>
      </properties>
      <testcase name="Test Cases/TC_Amazon_Validation/DDT Amazon TestCase Validation/TC_Amazon_DDT_ExternalData_Excel_002" time="23.723" classname="Test Cases/TC_Amazon_Validation/DDT Amazon TestCase Validation/TC_Amazon_DDT_ExternalData_Excel_002" status="PASSED">
         <system-out><![CDATA[05-02-2024T17:17:15 - [TEST_CASE][PASSED] - Test Cases/TC_Amazon_Validation/DDT Amazon TestCase Validation/TC_Amazon_DDT_ExternalData_Excel_002: Test Cases/TC_Amazon_Validation/DDT Amazon TestCase Validation/TC_Amazon_DDT_ExternalData_Excel_002

05-02-2024T17:17:15 - [TEST_STEP][PASSED] - openBrowser(""): Browser is opened with url: ''

05-02-2024T17:17:16 - [MESSAGE][INFO] - Starting 'Chrome' driver

05-02-2024T17:17:16 - [MESSAGE][INFO] - Action delay is set to 0 milliseconds

05-02-2024T17:17:17 - [MESSAGE][PASSED] - Browser is opened with url: ''

05-02-2024T17:17:17 - [TEST_STEP][PASSED] - navigateToUrl("https://www.amazon.com/"): Navigate to 'https://www.amazon.com/' successfully

05-02-2024T17:17:19 - [MESSAGE][PASSED] - Navigate to 'https://www.amazon.com/' successfully

05-02-2024T17:17:19 - [TEST_STEP][PASSED] - selectOptionByLabel(findTestObject("Object Repository/DDT_Amazon_TestCaseValidation_OR/Amazon_DDT_ExternalData_OR/select_All Departments        Arts  Crafts _135c92"), category, true): All options with label 'Books' are selected in object 'Object Repository/DDT_Amazon_TestCaseValidation_OR/Amazon_DDT_ExternalData_OR/select_All Departments        Arts  Crafts _135c92'  using regular expression

05-02-2024T17:17:32 - [MESSAGE][PASSED] - All options with label 'Books' are selected in object 'Object Repository/DDT_Amazon_TestCaseValidation_OR/Amazon_DDT_ExternalData_OR/select_All Departments        Arts  Crafts _135c92'  using regular expression

05-02-2024T17:17:32 - [TEST_STEP][PASSED] - setText(findTestObject("Object Repository/DDT_Amazon_TestCaseValidation_OR/Amazon_DDT_ExternalData_OR/input_field-keywords"), item): Text 'Da vinci code' is set on object 'Object Repository/DDT_Amazon_TestCaseValidation_OR/Amazon_DDT_ExternalData_OR/input_field-keywords'

05-02-2024T17:17:33 - [MESSAGE][PASSED] - Text 'Da vinci code' is set on object 'Object Repository/DDT_Amazon_TestCaseValidation_OR/Amazon_DDT_ExternalData_OR/input_field-keywords'

05-02-2024T17:17:33 - [TEST_STEP][PASSED] - click(findTestObject("Object Repository/DDT_Amazon_TestCaseValidation_OR/Amazon_DDT_ExternalData_OR/inputnav-search-submit-button")): Object: 'Object Repository/DDT_Amazon_TestCaseValidation_OR/Amazon_DDT_ExternalData_OR/inputnav-search-submit-button' is clicked on

05-02-2024T17:17:38 - [MESSAGE][PASSED] - Object: 'Object Repository/DDT_Amazon_TestCaseValidation_OR/Amazon_DDT_ExternalData_OR/inputnav-search-submit-button' is clicked on

05-02-2024T17:17:38 - [TEST_STEP][PASSED] - closeBrowser(): Browser is closed

05-02-2024T17:17:38 - [MESSAGE][PASSED] - Browser is closed]]></system-out>
         <system-err><![CDATA[]]></system-err>
      </testcase>
      <testcase name="Test Cases/TC_Amazon_Validation/DDT Amazon TestCase Validation/TC_Amazon_DDT_ExternalData_Excel_002" time="23.883" classname="Test Cases/TC_Amazon_Validation/DDT Amazon TestCase Validation/TC_Amazon_DDT_ExternalData_Excel_002" status="PASSED">
         <system-out><![CDATA[05-02-2024T17:17:38 - [TEST_CASE][PASSED] - Test Cases/TC_Amazon_Validation/DDT Amazon TestCase Validation/TC_Amazon_DDT_ExternalData_Excel_002: Test Cases/TC_Amazon_Validation/DDT Amazon TestCase Validation/TC_Amazon_DDT_ExternalData_Excel_002

05-02-2024T17:17:38 - [TEST_STEP][PASSED] - openBrowser(""): Browser is opened with url: ''

05-02-2024T17:17:38 - [MESSAGE][INFO] - Starting 'Chrome' driver

05-02-2024T17:17:38 - [MESSAGE][INFO] - Action delay is set to 0 milliseconds

05-02-2024T17:17:39 - [MESSAGE][PASSED] - Browser is opened with url: ''

05-02-2024T17:17:39 - [TEST_STEP][PASSED] - navigateToUrl("https://www.amazon.com/"): Navigate to 'https://www.amazon.com/' successfully

05-02-2024T17:17:41 - [MESSAGE][PASSED] - Navigate to 'https://www.amazon.com/' successfully

05-02-2024T17:17:41 - [TEST_STEP][PASSED] - selectOptionByLabel(findTestObject("Object Repository/DDT_Amazon_TestCaseValidation_OR/Amazon_DDT_ExternalData_OR/select_All Departments        Arts  Crafts _135c92"), category, true): All options with label 'Electronics' are selected in object 'Object Repository/DDT_Amazon_TestCaseValidation_OR/Amazon_DDT_ExternalData_OR/select_All Departments        Arts  Crafts _135c92'  using regular expression

05-02-2024T17:17:54 - [MESSAGE][PASSED] - All options with label 'Electronics' are selected in object 'Object Repository/DDT_Amazon_TestCaseValidation_OR/Amazon_DDT_ExternalData_OR/select_All Departments        Arts  Crafts _135c92'  using regular expression

05-02-2024T17:17:54 - [TEST_STEP][PASSED] - setText(findTestObject("Object Repository/DDT_Amazon_TestCaseValidation_OR/Amazon_DDT_ExternalData_OR/input_field-keywords"), item): Text 'mobile phones' is set on object 'Object Repository/DDT_Amazon_TestCaseValidation_OR/Amazon_DDT_ExternalData_OR/input_field-keywords'

05-02-2024T17:17:55 - [MESSAGE][PASSED] - Text 'mobile phones' is set on object 'Object Repository/DDT_Amazon_TestCaseValidation_OR/Amazon_DDT_ExternalData_OR/input_field-keywords'

05-02-2024T17:17:55 - [TEST_STEP][PASSED] - click(findTestObject("Object Repository/DDT_Amazon_TestCaseValidation_OR/Amazon_DDT_ExternalData_OR/inputnav-search-submit-button")): Object: 'Object Repository/DDT_Amazon_TestCaseValidation_OR/Amazon_DDT_ExternalData_OR/inputnav-search-submit-button' is clicked on

05-02-2024T17:18:02 - [MESSAGE][PASSED] - Object: 'Object Repository/DDT_Amazon_TestCaseValidation_OR/Amazon_DDT_ExternalData_OR/inputnav-search-submit-button' is clicked on

05-02-2024T17:18:02 - [TEST_STEP][PASSED] - closeBrowser(): Browser is closed

05-02-2024T17:18:02 - [MESSAGE][PASSED] - Browser is closed]]></system-out>
         <system-err><![CDATA[]]></system-err>
      </testcase>
      <testcase name="Test Cases/TC_Amazon_Validation/DDT Amazon TestCase Validation/TC_Amazon_DDT_ExternalData_Excel_002" time="26.661" classname="Test Cases/TC_Amazon_Validation/DDT Amazon TestCase Validation/TC_Amazon_DDT_ExternalData_Excel_002" status="PASSED">
         <system-out><![CDATA[05-02-2024T17:18:02 - [TEST_CASE][PASSED] - Test Cases/TC_Amazon_Validation/DDT Amazon TestCase Validation/TC_Amazon_DDT_ExternalData_Excel_002: Test Cases/TC_Amazon_Validation/DDT Amazon TestCase Validation/TC_Amazon_DDT_ExternalData_Excel_002

05-02-2024T17:18:02 - [TEST_STEP][PASSED] - openBrowser(""): Browser is opened with url: ''

05-02-2024T17:18:02 - [MESSAGE][INFO] - Starting 'Chrome' driver

05-02-2024T17:18:02 - [MESSAGE][INFO] - Action delay is set to 0 milliseconds

05-02-2024T17:18:03 - [MESSAGE][PASSED] - Browser is opened with url: ''

05-02-2024T17:18:03 - [TEST_STEP][PASSED] - navigateToUrl("https://www.amazon.com/"): Navigate to 'https://www.amazon.com/' successfully

05-02-2024T17:18:07 - [MESSAGE][PASSED] - Navigate to 'https://www.amazon.com/' successfully

05-02-2024T17:18:07 - [TEST_STEP][PASSED] - selectOptionByLabel(findTestObject("Object Repository/DDT_Amazon_TestCaseValidation_OR/Amazon_DDT_ExternalData_OR/select_All Departments        Arts  Crafts _135c92"), category, true): All options with label 'Baby' are selected in object 'Object Repository/DDT_Amazon_TestCaseValidation_OR/Amazon_DDT_ExternalData_OR/select_All Departments        Arts  Crafts _135c92'  using regular expression

05-02-2024T17:18:19 - [MESSAGE][PASSED] - All options with label 'Baby' are selected in object 'Object Repository/DDT_Amazon_TestCaseValidation_OR/Amazon_DDT_ExternalData_OR/select_All Departments        Arts  Crafts _135c92'  using regular expression

05-02-2024T17:18:19 - [TEST_STEP][PASSED] - setText(findTestObject("Object Repository/DDT_Amazon_TestCaseValidation_OR/Amazon_DDT_ExternalData_OR/input_field-keywords"), item): Text 'cars race track' is set on object 'Object Repository/DDT_Amazon_TestCaseValidation_OR/Amazon_DDT_ExternalData_OR/input_field-keywords'

05-02-2024T17:18:20 - [MESSAGE][PASSED] - Text 'cars race track' is set on object 'Object Repository/DDT_Amazon_TestCaseValidation_OR/Amazon_DDT_ExternalData_OR/input_field-keywords'

05-02-2024T17:18:20 - [TEST_STEP][PASSED] - click(findTestObject("Object Repository/DDT_Amazon_TestCaseValidation_OR/Amazon_DDT_ExternalData_OR/inputnav-search-submit-button")): Object: 'Object Repository/DDT_Amazon_TestCaseValidation_OR/Amazon_DDT_ExternalData_OR/inputnav-search-submit-button' is clicked on

05-02-2024T17:18:29 - [MESSAGE][PASSED] - Object: 'Object Repository/DDT_Amazon_TestCaseValidation_OR/Amazon_DDT_ExternalData_OR/inputnav-search-submit-button' is clicked on

05-02-2024T17:18:29 - [TEST_STEP][PASSED] - closeBrowser(): Browser is closed

05-02-2024T17:18:29 - [MESSAGE][PASSED] - Browser is closed]]></system-out>
         <system-err><![CDATA[]]></system-err>
      </testcase>
      <testcase name="Test Cases/TC_Amazon_Validation/DDT Amazon TestCase Validation/TC_Amazon_DDT_ExternalData_Excel_002" time="25.353" classname="Test Cases/TC_Amazon_Validation/DDT Amazon TestCase Validation/TC_Amazon_DDT_ExternalData_Excel_002" status="PASSED">
         <system-out><![CDATA[05-02-2024T17:18:29 - [TEST_CASE][PASSED] - Test Cases/TC_Amazon_Validation/DDT Amazon TestCase Validation/TC_Amazon_DDT_ExternalData_Excel_002: Test Cases/TC_Amazon_Validation/DDT Amazon TestCase Validation/TC_Amazon_DDT_ExternalData_Excel_002

05-02-2024T17:18:29 - [TEST_STEP][PASSED] - openBrowser(""): Browser is opened with url: ''

05-02-2024T17:18:29 - [MESSAGE][INFO] - Starting 'Chrome' driver

05-02-2024T17:18:29 - [MESSAGE][INFO] - Action delay is set to 0 milliseconds

05-02-2024T17:18:30 - [MESSAGE][PASSED] - Browser is opened with url: ''

05-02-2024T17:18:30 - [TEST_STEP][PASSED] - navigateToUrl("https://www.amazon.com/"): Navigate to 'https://www.amazon.com/' successfully

05-02-2024T17:18:31 - [MESSAGE][PASSED] - Navigate to 'https://www.amazon.com/' successfully

05-02-2024T17:18:31 - [TEST_STEP][PASSED] - selectOptionByLabel(findTestObject("Object Repository/DDT_Amazon_TestCaseValidation_OR/Amazon_DDT_ExternalData_OR/select_All Departments        Arts  Crafts _135c92"), category, true): All options with label 'Computers' are selected in object 'Object Repository/DDT_Amazon_TestCaseValidation_OR/Amazon_DDT_ExternalData_OR/select_All Departments        Arts  Crafts _135c92'  using regular expression

05-02-2024T17:18:46 - [MESSAGE][PASSED] - All options with label 'Computers' are selected in object 'Object Repository/DDT_Amazon_TestCaseValidation_OR/Amazon_DDT_ExternalData_OR/select_All Departments        Arts  Crafts _135c92'  using regular expression

05-02-2024T17:18:46 - [TEST_STEP][PASSED] - setText(findTestObject("Object Repository/DDT_Amazon_TestCaseValidation_OR/Amazon_DDT_ExternalData_OR/input_field-keywords"), item): Text 'lenovo desktop' is set on object 'Object Repository/DDT_Amazon_TestCaseValidation_OR/Amazon_DDT_ExternalData_OR/input_field-keywords'

05-02-2024T17:18:47 - [MESSAGE][PASSED] - Text 'lenovo desktop' is set on object 'Object Repository/DDT_Amazon_TestCaseValidation_OR/Amazon_DDT_ExternalData_OR/input_field-keywords'

05-02-2024T17:18:47 - [TEST_STEP][PASSED] - click(findTestObject("Object Repository/DDT_Amazon_TestCaseValidation_OR/Amazon_DDT_ExternalData_OR/inputnav-search-submit-button")): Object: 'Object Repository/DDT_Amazon_TestCaseValidation_OR/Amazon_DDT_ExternalData_OR/inputnav-search-submit-button' is clicked on

05-02-2024T17:18:54 - [MESSAGE][PASSED] - Object: 'Object Repository/DDT_Amazon_TestCaseValidation_OR/Amazon_DDT_ExternalData_OR/inputnav-search-submit-button' is clicked on

05-02-2024T17:18:54 - [TEST_STEP][PASSED] - closeBrowser(): Browser is closed

05-02-2024T17:18:54 - [MESSAGE][PASSED] - Browser is closed]]></system-out>
         <system-err><![CDATA[]]></system-err>
      </testcase>
      <testcase name="Test Cases/TC_Amazon_Validation/DDT Amazon TestCase Validation/TC_Amazon_DDT_ExternalData_Excel_002" time="23.42" classname="Test Cases/TC_Amazon_Validation/DDT Amazon TestCase Validation/TC_Amazon_DDT_ExternalData_Excel_002" status="PASSED">
         <system-out><![CDATA[05-02-2024T17:18:54 - [TEST_CASE][PASSED] - Test Cases/TC_Amazon_Validation/DDT Amazon TestCase Validation/TC_Amazon_DDT_ExternalData_Excel_002: Test Cases/TC_Amazon_Validation/DDT Amazon TestCase Validation/TC_Amazon_DDT_ExternalData_Excel_002

05-02-2024T17:18:54 - [TEST_STEP][PASSED] - openBrowser(""): Browser is opened with url: ''

05-02-2024T17:18:54 - [MESSAGE][INFO] - Starting 'Chrome' driver

05-02-2024T17:18:54 - [MESSAGE][INFO] - Action delay is set to 0 milliseconds

05-02-2024T17:18:55 - [MESSAGE][PASSED] - Browser is opened with url: ''

05-02-2024T17:18:55 - [TEST_STEP][PASSED] - navigateToUrl("https://www.amazon.com/"): Navigate to 'https://www.amazon.com/' successfully

05-02-2024T17:18:57 - [MESSAGE][PASSED] - Navigate to 'https://www.amazon.com/' successfully

05-02-2024T17:18:57 - [TEST_STEP][PASSED] - selectOptionByLabel(findTestObject("Object Repository/DDT_Amazon_TestCaseValidation_OR/Amazon_DDT_ExternalData_OR/select_All Departments        Arts  Crafts _135c92"), category, true): All options with label 'Luggage' are selected in object 'Object Repository/DDT_Amazon_TestCaseValidation_OR/Amazon_DDT_ExternalData_OR/select_All Departments        Arts  Crafts _135c92'  using regular expression

05-02-2024T17:19:08 - [MESSAGE][PASSED] - All options with label 'Luggage' are selected in object 'Object Repository/DDT_Amazon_TestCaseValidation_OR/Amazon_DDT_ExternalData_OR/select_All Departments        Arts  Crafts _135c92'  using regular expression

05-02-2024T17:19:08 - [TEST_STEP][PASSED] - setText(findTestObject("Object Repository/DDT_Amazon_TestCaseValidation_OR/Amazon_DDT_ExternalData_OR/input_field-keywords"), item): Text 'suitcase support for truck' is set on object 'Object Repository/DDT_Amazon_TestCaseValidation_OR/Amazon_DDT_ExternalData_OR/input_field-keywords'

05-02-2024T17:19:09 - [MESSAGE][PASSED] - Text 'suitcase support for truck' is set on object 'Object Repository/DDT_Amazon_TestCaseValidation_OR/Amazon_DDT_ExternalData_OR/input_field-keywords'

05-02-2024T17:19:09 - [TEST_STEP][PASSED] - click(findTestObject("Object Repository/DDT_Amazon_TestCaseValidation_OR/Amazon_DDT_ExternalData_OR/inputnav-search-submit-button")): Object: 'Object Repository/DDT_Amazon_TestCaseValidation_OR/Amazon_DDT_ExternalData_OR/inputnav-search-submit-button' is clicked on

05-02-2024T17:19:18 - [MESSAGE][PASSED] - Object: 'Object Repository/DDT_Amazon_TestCaseValidation_OR/Amazon_DDT_ExternalData_OR/inputnav-search-submit-button' is clicked on

05-02-2024T17:19:18 - [TEST_STEP][PASSED] - closeBrowser(): Browser is closed

05-02-2024T17:19:18 - [MESSAGE][PASSED] - Browser is closed]]></system-out>
         <system-err><![CDATA[]]></system-err>
      </testcase>
      <system-out><![CDATA[05-02-2024T17:17:14 - [TEST_SUITE][PASSED] - Amazon_DDT_TestSuite_ExternalData_Excel_002: Test Cases/TC_Amazon_Validation/DDT Amazon TestCase Validation/TC_Amazon_DDT_ExternalData_Excel_002]]></system-out>
      <system-err><![CDATA[]]></system-err>
   </testsuite>
</testsuites>
